<?xml version="1.0" encoding="UTF-8"?>
<!-- Generated by org.testng.reporters.JUnitXMLReporter -->
<testsuite hostname="DESKTOP-JV0LFSR" ignored="0" name="Test" tests="2" failures="2" timestamp="2022-07-17T20:52:01 IST" time="8.364" errors="0">
  <testcase name="LaunchURL" time="0.0" classname="com.Trello.CommonFunctions.LoginPage">
    <failure type="org.testng.TestNGException" message="
Cannot inject @Test annotated Method [LaunchURL] with [class java.lang.String].
For more information on native dependency injection please refer to https://testng.org/doc/documentation-main.html#native-dependency-injection">
      <![CDATA[org.testng.TestNGException: 
Cannot inject @Test annotated Method [LaunchURL] with [class java.lang.String].
For more information on native dependency injection please refer to https://testng.org/doc/documentation-main.html#native-dependency-injection
at java.util.ArrayList.forEach(Unknown Source)
... Removed 26 stack frames]]>
    </failure>
  </testcase> <!-- LaunchURL -->
  <testcase name="loginScreen" time="0.0" classname="com.Trello.CommonFunctions.LoginPage">
    <failure type="org.testng.TestNGException" message="
Cannot inject @Test annotated Method [loginScreen] with [class java.lang.String, class java.lang.String, class java.lang.String].
For more information on native dependency injection please refer to https://testng.org/doc/documentation-main.html#native-dependency-injection">
      <![CDATA[org.testng.TestNGException: 
Cannot inject @Test annotated Method [loginScreen] with [class java.lang.String, class java.lang.String, class java.lang.String].
For more information on native dependency injection please refer to https://testng.org/doc/documentation-main.html#native-dependency-injection
at java.util.ArrayList.forEach(Unknown Source)
... Removed 26 stack frames]]>
    </failure>
  </testcase> <!-- loginScreen -->
</testsuite> <!-- Test -->
