<?xml version="1.0" encoding="UTF-8"?>
<!-- Generated by org.testng.reporters.JUnitXMLReporter -->
<testsuite hostname="DESKTOP-JV0LFSR" ignored="0" name="LoginTest" tests="2" failures="1" timestamp="2022-07-18T10:05:53 IST" time="81.822" errors="0">
  <testcase name="loginTest" time="61.395" classname="com.Trello.Configurations.SampleTest"/>
  <testcase name="loginTest" time="81.676" classname="com.Trello.Configurations.SampleTest">
    <failure type="java.lang.StackOverflowError">
      <![CDATA[java.lang.StackOverflowError
at com.Trello.Utility.Listeners.onTestSuccess(Listeners.java:21)
at com.Trello.Utility.Listeners.onTestSuccess(Listeners.java:21)
at com.Trello.Utility.Listeners.onTestSuccess(Listeners.java:21)
at com.Trello.Utility.Listeners.onTestSuccess(Listeners.java:21)
at com.Trello.Utility.Listeners.onTestSuccess(Listeners.java:21)
at com.Trello.Utility.Listeners.onTestSuccess(Listeners.java:21)
at com.Trello.Utility.Listeners.onTestSuccess(Listeners.java:21)
at com.Trello.Utility.Listeners.onTestSuccess(Listeners.java:21)
at com.Trello.Utility.Listeners.onTestSuccess(Listeners.java:21)
at com.Trello.Utility.Listeners.onTestSuccess(Listeners.java:21)
at com.Trello.Utility.Listeners.onTestSuccess(Listeners.java:21)
at com.Trello.Utility.Listeners.onTestSuccess(Listeners.java:21)
at com.Trello.Utility.Listeners.onTestSuccess(Listeners.java:21)
at com.Trello.Utility.Listeners.onTestSuccess(Listeners.java:21)
at com.Trello.Utility.Listeners.onTestSuccess(Listeners.java:21)
at com.Trello.Utility.Listeners.onTestSuccess(Listeners.java:21)
at com.Trello.Utility.Listeners.onTestSuccess(Listeners.java:21)
at com.Trello.Utility.Listeners.onTestSuccess(Listeners.java:21)
at com.Trello.Utility.Listeners.onTestSuccess(Listeners.java:21)
at com.Trello.Utility.Listeners.onTestSuccess(Listeners.java:21)
at com.Trello.Utility.Listeners.onTestSuccess(Listeners.java:21)
at com.Trello.Utility.Listeners.onTestSuccess(Listeners.java:21)
at com.Trello.Utility.Listeners.onTestSuccess(Listeners.java:21)
at com.Trello.Utility.Listeners.onTestSuccess(Listeners.java:21)
at com.Trello.Utility.Listeners.onTestSuccess(Listeners.java:21)
at com.Trello.Utility.Listeners.onTestSuccess(Listeners.java:21)
at com.Trello.Utility.Listeners.onTestSuccess(Listeners.java:21)
at com.Trello.Utility.Listeners.onTestSuccess(Listeners.java:21)
at com.Trello.Utility.Listeners.onTestSuccess(Listeners.java:21)
at com.Trello.Utility.Listeners.onTestSuccess(Listeners.java:21)
at com.Trello.Utility.Listeners.onTestSuccess(Listeners.java:21)
at com.Trello.Utility.Listeners.onTestSuccess(Listeners.java:21)
at com.Trello.Utility.Listeners.onTestSuccess(Listeners.java:21)
at com.Trello.Utility.Listeners.onTestSuccess(Listeners.java:21)
at com.Trello.Utility.Listeners.onTestSuccess(Listeners.java:21)
at com.Trello.Utility.Listeners.onTestSuccess(Listeners.java:21)
at com.Trello.Utility.Listeners.onTestSuccess(Listeners.java:21)
at com.Trello.Utility.Listeners.onTestSuccess(Listeners.java:21)
at com.Trello.Utility.Listeners.onTestSuccess(Listeners.java:21)
at com.Trello.Utility.Listeners.onTestSuccess(Listeners.java:21)
at com.Trello.Utility.Listeners.onTestSuccess(Listeners.java:21)
at com.Trello.Utility.Listeners.onTestSuccess(Listeners.java:21)
at com.Trello.Utility.Listeners.onTestSuccess(Listeners.java:21)
at com.Trello.Utility.Listeners.onTestSuccess(Listeners.java:21)
at com.Trello.Utility.Listeners.onTestSuccess(Listeners.java:21)
at com.Trello.Utility.Listeners.onTestSuccess(Listeners.java:21)
at com.Trello.Utility.Listeners.onTestSuccess(Listeners.java:21)
at com.Trello.Utility.Listeners.onTestSuccess(Listeners.java:21)
at com.Trello.Utility.Listeners.onTestSuccess(Listeners.java:21)
at com.Trello.Utility.Listeners.onTestSuccess(Listeners.java:21)
at com.Trello.Utility.Listeners.onTestSuccess(Listeners.java:21)
at com.Trello.Utility.Listeners.onTestSuccess(Listeners.java:21)
at com.Trello.Utility.Listeners.onTestSuccess(Listeners.java:21)
at com.Trello.Utility.Listeners.onTestSuccess(Listeners.java:21)
at com.Trello.Utility.Listeners.onTestSuccess(Listeners.java:21)
at com.Trello.Utility.Listeners.onTestSuccess(Listeners.java:21)
at com.Trello.Utility.Listeners.onTestSuccess(Listeners.java:21)
at com.Trello.Utility.Listeners.onTestSuccess(Listeners.java:21)
at com.Trello.Utility.Listeners.onTestSuccess(Listeners.java:21)
at com.Trello.Utility.Listeners.onTestSuccess(Listeners.java:21)
at com.Trello.Utility.Listeners.onTestSuccess(Listeners.java:21)
at com.Trello.Utility.Listeners.onTestSuccess(Listeners.java:21)
at com.Trello.Utility.Listeners.onTestSuccess(Listeners.java:21)
at com.Trello.Utility.Listeners.onTestSuccess(Listeners.java:21)
at com.Trello.Utility.Listeners.onTestSuccess(Listeners.java:21)
at com.Trello.Utility.Listeners.onTestSuccess(Listeners.java:21)
at com.Trello.Utility.Listeners.onTestSuccess(Listeners.java:21)
at com.Trello.Utility.Listeners.onTestSuccess(Listeners.java:21)
at com.Trello.Utility.Listeners.onTestSuccess(Listeners.java:21)
at com.Trello.Utility.Listeners.onTestSuccess(Listeners.java:21)
at com.Trello.Utility.Listeners.onTestSuccess(Listeners.java:21)
at com.Trello.Utility.Listeners.onTestSuccess(Listeners.java:21)
at com.Trello.Utility.Listeners.onTestSuccess(Listeners.java:21)
at com.Trello.Utility.Listeners.onTestSuccess(Listeners.java:21)
at com.Trello.Utility.Listeners.onTestSuccess(Listeners.java:21)
at com.Trello.Utility.Listeners.onTestSuccess(Listeners.java:21)
at com.Trello.Utility.Listeners.onTestSuccess(Listeners.java:21)
at com.Trello.Utility.Listeners.onTestSuccess(Listeners.java:21)
at com.Trello.Utility.Listeners.onTestSuccess(Listeners.java:21)
at com.Trello.Utility.Listeners.onTestSuccess(Listeners.java:21)
at com.Trello.Utility.Listeners.onTestSuccess(Listeners.java:21)
at com.Trello.Utility.Listeners.onTestSuccess(Listeners.java:21)
at com.Trello.Utility.Listeners.onTestSuccess(Listeners.java:21)
at com.Trello.Utility.Listeners.onTestSuccess(Listeners.java:21)
at com.Trello.Utility.Listeners.onTestSuccess(Listeners.java:21)
at com.Trello.Utility.Listeners.onTestSuccess(Listeners.java:21)
at com.Trello.Utility.Listeners.onTestSuccess(Listeners.java:21)
at com.Trello.Utility.Listeners.onTestSuccess(Listeners.java:21)
at com.Trello.Utility.Listeners.onTestSuccess(Listeners.java:21)
at com.Trello.Utility.Listeners.onTestSuccess(Listeners.java:21)
at com.Trello.Utility.Listeners.onTestSuccess(Listeners.java:21)
at com.Trello.Utility.Listeners.onTestSuccess(Listeners.java:21)
at com.Trello.Utility.Listeners.onTestSuccess(Listeners.java:21)
at com.Trello.Utility.Listeners.onTestSuccess(Listeners.java:21)
at com.Trello.Utility.Listeners.onTestSuccess(Listeners.java:21)
at com.Trello.Utility.Listeners.onTestSuccess(Listeners.java:21)
at com.Trello.Utility.Listeners.onTestSuccess(Listeners.java:21)
at com.Trello.Utility.Listeners.onTestSuccess(Listeners.java:21)
at com.Trello.Utility.Listeners.onTestSuccess(Listeners.java:21)
at com.Trello.Utility.Listeners.onTestSuccess(Listeners.java:21)
at com.Trello.Utility.Listeners.onTestSuccess(Listeners.java:21)
at com.Trello.Utility.Listeners.onTestSuccess(Listeners.java:21)
at com.Trello.Utility.Listeners.onTestSuccess(Listeners.java:21)
at com.Trello.Utility.Listeners.onTestSuccess(Listeners.java:21)
at com.Trello.Utility.Listeners.onTestSuccess(Listeners.java:21)
at com.Trello.Utility.Listeners.onTestSuccess(Listeners.java:21)
at com.Trello.Utility.Listeners.onTestSuccess(Listeners.java:21)
at com.Trello.Utility.Listeners.onTestSuccess(Listeners.java:21)
at com.Trello.Utility.Listeners.onTestSuccess(Listeners.java:21)
at com.Trello.Utility.Listeners.onTestSuccess(Listeners.java:21)
at com.Trello.Utility.Listeners.onTestSuccess(Listeners.java:21)
at com.Trello.Utility.Listeners.onTestSuccess(Listeners.java:21)
at com.Trello.Utility.Listeners.onTestSuccess(Listeners.java:21)
at com.Trello.Utility.Listeners.onTestSuccess(Listeners.java:21)
at com.Trello.Utility.Listeners.onTestSuccess(Listeners.java:21)
at com.Trello.Utility.Listeners.onTestSuccess(Listeners.java:21)
at com.Trello.Utility.Listeners.onTestSuccess(Listeners.java:21)
at com.Trello.Utility.Listeners.onTestSuccess(Listeners.java:21)
at com.Trello.Utility.Listeners.onTestSuccess(Listeners.java:21)
at com.Trello.Utility.Listeners.onTestSuccess(Listeners.java:21)
at com.Trello.Utility.Listeners.onTestSuccess(Listeners.java:21)
at com.Trello.Utility.Listeners.onTestSuccess(Listeners.java:21)
at com.Trello.Utility.Listeners.onTestSuccess(Listeners.java:21)
at com.Trello.Utility.Listeners.onTestSuccess(Listeners.java:21)
at com.Trello.Utility.Listeners.onTestSuccess(Listeners.java:21)
at com.Trello.Utility.Listeners.onTestSuccess(Listeners.java:21)
at com.Trello.Utility.Listeners.onTestSuccess(Listeners.java:21)
at com.Trello.Utility.Listeners.onTestSuccess(Listeners.java:21)
at com.Trello.Utility.Listeners.onTestSuccess(Listeners.java:21)
at com.Trello.Utility.Listeners.onTestSuccess(Listeners.java:21)
at com.Trello.Utility.Listeners.onTestSuccess(Listeners.java:21)
at com.Trello.Utility.Listeners.onTestSuccess(Listeners.java:21)
at com.Trello.Utility.Listeners.onTestSuccess(Listeners.java:21)
at com.Trello.Utility.Listeners.onTestSuccess(Listeners.java:21)
at com.Trello.Utility.Listeners.onTestSuccess(Listeners.java:21)
at com.Trello.Utility.Listeners.onTestSuccess(Listeners.java:21)
at com.Trello.Utility.Listeners.onTestSuccess(Listeners.java:21)
at com.Trello.Utility.Listeners.onTestSuccess(Listeners.java:21)
at com.Trello.Utility.Listeners.onTestSuccess(Listeners.java:21)
at com.Trello.Utility.Listeners.onTestSuccess(Listeners.java:21)
at com.Trello.Utility.Listeners.onTestSuccess(Listeners.java:21)
at com.Trello.Utility.Listeners.onTestSuccess(Listeners.java:21)
at com.Trello.Utility.Listeners.onTestSuccess(Listeners.java:21)
at com.Trello.Utility.Listeners.onTestSuccess(Listeners.java:21)
at com.Trello.Utility.Listeners.onTestSuccess(Listeners.java:21)
at com.Trello.Utility.Listeners.onTestSuccess(Listeners.java:21)
at com.Trello.Utility.Listeners.onTestSuccess(Listeners.java:21)
at com.Trello.Utility.Listeners.onTestSuccess(Listeners.java:21)
at com.Trello.Utility.Listeners.onTestSuccess(Listeners.java:21)
at com.Trello.Utility.Listeners.onTestSuccess(Listeners.java:21)
at com.Trello.Utility.Listeners.onTestSuccess(Listeners.java:21)
at com.Trello.Utility.Listeners.onTestSuccess(Listeners.java:21)
at com.Trello.Utility.Listeners.onTestSuccess(Listeners.java:21)
at com.Trello.Utility.Listeners.onTestSuccess(Listeners.java:21)
at com.Trello.Utility.Listeners.onTestSuccess(Listeners.java:21)
at com.Trello.Utility.Listeners.onTestSuccess(Listeners.java:21)
at com.Trello.Utility.Listeners.onTestSuccess(Listeners.java:21)
at com.Trello.Utility.Listeners.onTestSuccess(Listeners.java:21)
at com.Trello.Utility.Listeners.onTestSuccess(Listeners.java:21)
at com.Trello.Utility.Listeners.onTestSuccess(Listeners.java:21)
at com.Trello.Utility.Listeners.onTestSuccess(Listeners.java:21)
at com.Trello.Utility.Listeners.onTestSuccess(Listeners.java:21)
at com.Trello.Utility.Listeners.onTestSuccess(Listeners.java:21)
at com.Trello.Utility.Listeners.onTestSuccess(Listeners.java:21)
at com.Trello.Utility.Listeners.onTestSuccess(Listeners.java:21)
at com.Trello.Utility.Listeners.onTestSuccess(Listeners.java:21)
at com.Trello.Utility.Listeners.onTestSuccess(Listeners.java:21)
at com.Trello.Utility.Listeners.onTestSuccess(Listeners.java:21)
at com.Trello.Utility.Listeners.onTestSuccess(Listeners.java:21)
at com.Trello.Utility.Listeners.onTestSuccess(Listeners.java:21)
at com.Trello.Utility.Listeners.onTestSuccess(Listeners.java:21)
at com.Trello.Utility.Listeners.onTestSuccess(Listeners.java:21)
at com.Trello.Utility.Listeners.onTestSuccess(Listeners.java:21)
at com.Trello.Utility.Listeners.onTestSuccess(Listeners.java:21)
at com.Trello.Utility.Listeners.onTestSuccess(Listeners.java:21)
at com.Trello.Utility.Listeners.onTestSuccess(Listeners.java:21)
at com.Trello.Utility.Listeners.onTestSuccess(Listeners.java:21)
at com.Trello.Utility.Listeners.onTestSuccess(Listeners.java:21)
at com.Trello.Utility.Listeners.onTestSuccess(Listeners.java:21)
at com.Trello.Utility.Listeners.onTestSuccess(Listeners.java:21)
at com.Trello.Utility.Listeners.onTestSuccess(Listeners.java:21)
at com.Trello.Utility.Listeners.onTestSuccess(Listeners.java:21)
at com.Trello.Utility.Listeners.onTestSuccess(Listeners.java:21)
at com.Trello.Utility.Listeners.onTestSuccess(Listeners.java:21)
at com.Trello.Utility.Listeners.onTestSuccess(Listeners.java:21)
at com.Trello.Utility.Listeners.onTestSuccess(Listeners.java:21)
at com.Trello.Utility.Listeners.onTestSuccess(Listeners.java:21)
at com.Trello.Utility.Listeners.onTestSuccess(Listeners.java:21)
at com.Trello.Utility.Listeners.onTestSuccess(Listeners.java:21)
at com.Trello.Utility.Listeners.onTestSuccess(Listeners.java:21)
at com.Trello.Utility.Listeners.onTestSuccess(Listeners.java:21)
at com.Trello.Utility.Listeners.onTestSuccess(Listeners.java:21)
at com.Trello.Utility.Listeners.onTestSuccess(Listeners.java:21)
at com.Trello.Utility.Listeners.onTestSuccess(Listeners.java:21)
at com.Trello.Utility.Listeners.onTestSuccess(Listeners.java:21)
at com.Trello.Utility.Listeners.onTestSuccess(Listeners.java:21)
at com.Trello.Utility.Listeners.onTestSuccess(Listeners.java:21)
at com.Trello.Utility.Listeners.onTestSuccess(Listeners.java:21)
at com.Trello.Utility.Listeners.onTestSuccess(Listeners.java:21)
at com.Trello.Utility.Listeners.onTestSuccess(Listeners.java:21)
at com.Trello.Utility.Listeners.onTestSuccess(Listeners.java:21)
at com.Trello.Utility.Listeners.onTestSuccess(Listeners.java:21)
at com.Trello.Utility.Listeners.onTestSuccess(Listeners.java:21)
at com.Trello.Utility.Listeners.onTestSuccess(Listeners.java:21)
at com.Trello.Utility.Listeners.onTestSuccess(Listeners.java:21)
at com.Trello.Utility.Listeners.onTestSuccess(Listeners.java:21)
at com.Trello.Utility.Listeners.onTestSuccess(Listeners.java:21)
at com.Trello.Utility.Listeners.onTestSuccess(Listeners.java:21)
at com.Trello.Utility.Listeners.onTestSuccess(Listeners.java:21)
at com.Trello.Utility.Listeners.onTestSuccess(Listeners.java:21)
at com.Trello.Utility.Listeners.onTestSuccess(Listeners.java:21)
at com.Trello.Utility.Listeners.onTestSuccess(Listeners.java:21)
at com.Trello.Utility.Listeners.onTestSuccess(Listeners.java:21)
at com.Trello.Utility.Listeners.onTestSuccess(Listeners.java:21)
at com.Trello.Utility.Listeners.onTestSuccess(Listeners.java:21)
at com.Trello.Utility.Listeners.onTestSuccess(Listeners.java:21)
at com.Trello.Utility.Listeners.onTestSuccess(Listeners.java:21)
at com.Trello.Utility.Listeners.onTestSuccess(Listeners.java:21)
at com.Trello.Utility.Listeners.onTestSuccess(Listeners.java:21)
at com.Trello.Utility.Listeners.onTestSuccess(Listeners.java:21)
at com.Trello.Utility.Listeners.onTestSuccess(Listeners.java:21)
at com.Trello.Utility.Listeners.onTestSuccess(Listeners.java:21)
at com.Trello.Utility.Listeners.onTestSuccess(Listeners.java:21)
at com.Trello.Utility.Listeners.onTestSuccess(Listeners.java:21)
at com.Trello.Utility.Listeners.onTestSuccess(Listeners.java:21)
at com.Trello.Utility.Listeners.onTestSuccess(Listeners.java:21)
at com.Trello.Utility.Listeners.onTestSuccess(Listeners.java:21)
at com.Trello.Utility.Listeners.onTestSuccess(Listeners.java:21)
at com.Trello.Utility.Listeners.onTestSuccess(Listeners.java:21)
at com.Trello.Utility.Listeners.onTestSuccess(Listeners.java:21)
at com.Trello.Utility.Listeners.onTestSuccess(Listeners.java:21)
at com.Trello.Utility.Listeners.onTestSuccess(Listeners.java:21)
at com.Trello.Utility.Listeners.onTestSuccess(Listeners.java:21)
at com.Trello.Utility.Listeners.onTestSuccess(Listeners.java:21)
at com.Trello.Utility.Listeners.onTestSuccess(Listeners.java:21)
at com.Trello.Utility.Listeners.onTestSuccess(Listeners.java:21)
at com.Trello.Utility.Listeners.onTestSuccess(Listeners.java:21)
at com.Trello.Utility.Listeners.onTestSuccess(Listeners.java:21)
at com.Trello.Utility.Listeners.onTestSuccess(Listeners.java:21)
at com.Trello.Utility.Listeners.onTestSuccess(Listeners.java:21)
at com.Trello.Utility.Listeners.onTestSuccess(Listeners.java:21)
at com.Trello.Utility.Listeners.onTestSuccess(Listeners.java:21)
at com.Trello.Utility.Listeners.onTestSuccess(Listeners.java:21)
at com.Trello.Utility.Listeners.onTestSuccess(Listeners.java:21)
at com.Trello.Utility.Listeners.onTestSuccess(Listeners.java:21)
at com.Trello.Utility.Listeners.onTestSuccess(Listeners.java:21)
at com.Trello.Utility.Listeners.onTestSuccess(Listeners.java:21)
at com.Trello.Utility.Listeners.onTestSuccess(Listeners.java:21)
at com.Trello.Utility.Listeners.onTestSuccess(Listeners.java:21)
at com.Trello.Utility.Listeners.onTestSuccess(Listeners.java:21)
at com.Trello.Utility.Listeners.onTestSuccess(Listeners.java:21)
at com.Trello.Utility.Listeners.onTestSuccess(Listeners.java:21)
at com.Trello.Utility.Listeners.onTestSuccess(Listeners.java:21)
at com.Trello.Utility.Listeners.onTestSuccess(Listeners.java:21)
at com.Trello.Utility.Listeners.onTestSuccess(Listeners.java:21)
at com.Trello.Utility.Listeners.onTestSuccess(Listeners.java:21)
at com.Trello.Utility.Listeners.onTestSuccess(Listeners.java:21)
at com.Trello.Utility.Listeners.onTestSuccess(Listeners.java:21)
at com.Trello.Utility.Listeners.onTestSuccess(Listeners.java:21)
at com.Trello.Utility.Listeners.onTestSuccess(Listeners.java:21)
at com.Trello.Utility.Listeners.onTestSuccess(Listeners.java:21)
at com.Trello.Utility.Listeners.onTestSuccess(Listeners.java:21)
at com.Trello.Utility.Listeners.onTestSuccess(Listeners.java:21)
at com.Trello.Utility.Listeners.onTestSuccess(Listeners.java:21)
at com.Trello.Utility.Listeners.onTestSuccess(Listeners.java:21)
at com.Trello.Utility.Listeners.onTestSuccess(Listeners.java:21)
at com.Trello.Utility.Listeners.onTestSuccess(Listeners.java:21)
at com.Trello.Utility.Listeners.onTestSuccess(Listeners.java:21)
at com.Trello.Utility.Listeners.onTestSuccess(Listeners.java:21)
at com.Trello.Utility.Listeners.onTestSuccess(Listeners.java:21)
at com.Trello.Utility.Listeners.onTestSuccess(Listeners.java:21)
at com.Trello.Utility.Listeners.onTestSuccess(Listeners.java:21)
at com.Trello.Utility.Listeners.onTestSuccess(Listeners.java:21)
at com.Trello.Utility.Listeners.onTestSuccess(Listeners.java:21)
at com.Trello.Utility.Listeners.onTestSuccess(Listeners.java:21)
at com.Trello.Utility.Listeners.onTestSuccess(Listeners.java:21)
at com.Trello.Utility.Listeners.onTestSuccess(Listeners.java:21)
at com.Trello.Utility.Listeners.onTestSuccess(Listeners.java:21)
at com.Trello.Utility.Listeners.onTestSuccess(Listeners.java:21)
at com.Trello.Utility.Listeners.onTestSuccess(Listeners.java:21)
at com.Trello.Utility.Listeners.onTestSuccess(Listeners.java:21)
at com.Trello.Utility.Listeners.onTestSuccess(Listeners.java:21)
at com.Trello.Utility.Listeners.onTestSuccess(Listeners.java:21)
at com.Trello.Utility.Listeners.onTestSuccess(Listeners.java:21)
at com.Trello.Utility.Listeners.onTestSuccess(Listeners.java:21)
at com.Trello.Utility.Listeners.onTestSuccess(Listeners.java:21)
at com.Trello.Utility.Listeners.onTestSuccess(Listeners.java:21)
at com.Trello.Utility.Listeners.onTestSuccess(Listeners.java:21)
at com.Trello.Utility.Listeners.onTestSuccess(Listeners.java:21)
at com.Trello.Utility.Listeners.onTestSuccess(Listeners.java:21)
at com.Trello.Utility.Listeners.onTestSuccess(Listeners.java:21)
at com.Trello.Utility.Listeners.onTestSuccess(Listeners.java:21)
at com.Trello.Utility.Listeners.onTestSuccess(Listeners.java:21)
at com.Trello.Utility.Listeners.onTestSuccess(Listeners.java:21)
at com.Trello.Utility.Listeners.onTestSuccess(Listeners.java:21)
at com.Trello.Utility.Listeners.onTestSuccess(Listeners.java:21)
at com.Trello.Utility.Listeners.onTestSuccess(Listeners.java:21)
at com.Trello.Utility.Listeners.onTestSuccess(Listeners.java:21)
at com.Trello.Utility.Listeners.onTestSuccess(Listeners.java:21)
at com.Trello.Utility.Listeners.onTestSuccess(Listeners.java:21)
at com.Trello.Utility.Listeners.onTestSuccess(Listeners.java:21)
at com.Trello.Utility.Listeners.onTestSuccess(Listeners.java:21)
at com.Trello.Utility.Listeners.onTestSuccess(Listeners.java:21)
at com.Trello.Utility.Listeners.onTestSuccess(Listeners.java:21)
at com.Trello.Utility.Listeners.onTestSuccess(Listeners.java:21)
at com.Trello.Utility.Listeners.onTestSuccess(Listeners.java:21)
at com.Trello.Utility.Listeners.onTestSuccess(Listeners.java:21)
at com.Trello.Utility.Listeners.onTestSuccess(Listeners.java:21)
at com.Trello.Utility.Listeners.onTestSuccess(Listeners.java:21)
at com.Trello.Utility.Listeners.onTestSuccess(Listeners.java:21)
at com.Trello.Utility.Listeners.onTestSuccess(Listeners.java:21)
at com.Trello.Utility.Listeners.onTestSuccess(Listeners.java:21)
at com.Trello.Utility.Listeners.onTestSuccess(Listeners.java:21)
at com.Trello.Utility.Listeners.onTestSuccess(Listeners.java:21)
at com.Trello.Utility.Listeners.onTestSuccess(Listeners.java:21)
at com.Trello.Utility.Listeners.onTestSuccess(Listeners.java:21)
at com.Trello.Utility.Listeners.onTestSuccess(Listeners.java:21)
at com.Trello.Utility.Listeners.onTestSuccess(Listeners.java:21)
at com.Trello.Utility.Listeners.onTestSuccess(Listeners.java:21)
at com.Trello.Utility.Listeners.onTestSuccess(Listeners.java:21)
at com.Trello.Utility.Listeners.onTestSuccess(Listeners.java:21)
at com.Trello.Utility.Listeners.onTestSuccess(Listeners.java:21)
at com.Trello.Utility.Listeners.onTestSuccess(Listeners.java:21)
at com.Trello.Utility.Listeners.onTestSuccess(Listeners.java:21)
at com.Trello.Utility.Listeners.onTestSuccess(Listeners.java:21)
at com.Trello.Utility.Listeners.onTestSuccess(Listeners.java:21)
at com.Trello.Utility.Listeners.onTestSuccess(Listeners.java:21)
at com.Trello.Utility.Listeners.onTestSuccess(Listeners.java:21)
at com.Trello.Utility.Listeners.onTestSuccess(Listeners.java:21)
at com.Trello.Utility.Listeners.onTestSuccess(Listeners.java:21)
at com.Trello.Utility.Listeners.onTestSuccess(Listeners.java:21)
at com.Trello.Utility.Listeners.onTestSuccess(Listeners.java:21)
at com.Trello.Utility.Listeners.onTestSuccess(Listeners.java:21)
at com.Trello.Utility.Listeners.onTestSuccess(Listeners.java:21)
at com.Trello.Utility.Listeners.onTestSuccess(Listeners.java:21)
at com.Trello.Utility.Listeners.onTestSuccess(Listeners.java:21)
at com.Trello.Utility.Listeners.onTestSuccess(Listeners.java:21)
at com.Trello.Utility.Listeners.onTestSuccess(Listeners.java:21)
at com.Trello.Utility.Listeners.onTestSuccess(Listeners.java:21)
at com.Trello.Utility.Listeners.onTestSuccess(Listeners.java:21)
at com.Trello.Utility.Listeners.onTestSuccess(Listeners.java:21)
at com.Trello.Utility.Listeners.onTestSuccess(Listeners.java:21)
at com.Trello.Utility.Listeners.onTestSuccess(Listeners.java:21)
at com.Trello.Utility.Listeners.onTestSuccess(Listeners.java:21)
at com.Trello.Utility.Listeners.onTestSuccess(Listeners.java:21)
at com.Trello.Utility.Listeners.onTestSuccess(Listeners.java:21)
at com.Trello.Utility.Listeners.onTestSuccess(Listeners.java:21)
at com.Trello.Utility.Listeners.onTestSuccess(Listeners.java:21)
at com.Trello.Utility.Listeners.onTestSuccess(Listeners.java:21)
at com.Trello.Utility.Listeners.onTestSuccess(Listeners.java:21)
at com.Trello.Utility.Listeners.onTestSuccess(Listeners.java:21)
at com.Trello.Utility.Listeners.onTestSuccess(Listeners.java:21)
at com.Trello.Utility.Listeners.onTestSuccess(Listeners.java:21)
at com.Trello.Utility.Listeners.onTestSuccess(Listeners.java:21)
at com.Trello.Utility.Listeners.onTestSuccess(Listeners.java:21)
at com.Trello.Utility.Listeners.onTestSuccess(Listeners.java:21)
at com.Trello.Utility.Listeners.onTestSuccess(Listeners.java:21)
at com.Trello.Utility.Listeners.onTestSuccess(Listeners.java:21)
at com.Trello.Utility.Listeners.onTestSuccess(Listeners.java:21)
at com.Trello.Utility.Listeners.onTestSuccess(Listeners.java:21)
at com.Trello.Utility.Listeners.onTestSuccess(Listeners.java:21)
at com.Trello.Utility.Listeners.onTestSuccess(Listeners.java:21)
at com.Trello.Utility.Listeners.onTestSuccess(Listeners.java:21)
at com.Trello.Utility.Listeners.onTestSuccess(Listeners.java:21)
at com.Trello.Utility.Listeners.onTestSuccess(Listeners.java:21)
at com.Trello.Utility.Listeners.onTestSuccess(Listeners.java:21)
at com.Trello.Utility.Listeners.onTestSuccess(Listeners.java:21)
at com.Trello.Utility.Listeners.onTestSuccess(Listeners.java:21)
at com.Trello.Utility.Listeners.onTestSuccess(Listeners.java:21)
at com.Trello.Utility.Listeners.onTestSuccess(Listeners.java:21)
at com.Trello.Utility.Listeners.onTestSuccess(Listeners.java:21)
at com.Trello.Utility.Listeners.onTestSuccess(Listeners.java:21)
at com.Trello.Utility.Listeners.onTestSuccess(Listeners.java:21)
at com.Trello.Utility.Listeners.onTestSuccess(Listeners.java:21)
at com.Trello.Utility.Listeners.onTestSuccess(Listeners.java:21)
at com.Trello.Utility.Listeners.onTestSuccess(Listeners.java:21)
at com.Trello.Utility.Listeners.onTestSuccess(Listeners.java:21)
at com.Trello.Utility.Listeners.onTestSuccess(Listeners.java:21)
at com.Trello.Utility.Listeners.onTestSuccess(Listeners.java:21)
at com.Trello.Utility.Listeners.onTestSuccess(Listeners.java:21)
at com.Trello.Utility.Listeners.onTestSuccess(Listeners.java:21)
at com.Trello.Utility.Listeners.onTestSuccess(Listeners.java:21)
at com.Trello.Utility.Listeners.onTestSuccess(Listeners.java:21)
at com.Trello.Utility.Listeners.onTestSuccess(Listeners.java:21)
at com.Trello.Utility.Listeners.onTestSuccess(Listeners.java:21)
at com.Trello.Utility.Listeners.onTestSuccess(Listeners.java:21)
at com.Trello.Utility.Listeners.onTestSuccess(Listeners.java:21)
at com.Trello.Utility.Listeners.onTestSuccess(Listeners.java:21)
at com.Trello.Utility.Listeners.onTestSuccess(Listeners.java:21)
at com.Trello.Utility.Listeners.onTestSuccess(Listeners.java:21)
at com.Trello.Utility.Listeners.onTestSuccess(Listeners.java:21)
at com.Trello.Utility.Listeners.onTestSuccess(Listeners.java:21)
at com.Trello.Utility.Listeners.onTestSuccess(Listeners.java:21)
at com.Trello.Utility.Listeners.onTestSuccess(Listeners.java:21)
at com.Trello.Utility.Listeners.onTestSuccess(Listeners.java:21)
at com.Trello.Utility.Listeners.onTestSuccess(Listeners.java:21)
at com.Trello.Utility.Listeners.onTestSuccess(Listeners.java:21)
at com.Trello.Utility.Listeners.onTestSuccess(Listeners.java:21)
at com.Trello.Utility.Listeners.onTestSuccess(Listeners.java:21)
at com.Trello.Utility.Listeners.onTestSuccess(Listeners.java:21)
at com.Trello.Utility.Listeners.onTestSuccess(Listeners.java:21)
at com.Trello.Utility.Listeners.onTestSuccess(Listeners.java:21)
at com.Trello.Utility.Listeners.onTestSuccess(Listeners.java:21)
at com.Trello.Utility.Listeners.onTestSuccess(Listeners.java:21)
at com.Trello.Utility.Listeners.onTestSuccess(Listeners.java:21)
at com.Trello.Utility.Listeners.onTestSuccess(Listeners.java:21)
at com.Trello.Utility.Listeners.onTestSuccess(Listeners.java:21)
at com.Trello.Utility.Listeners.onTestSuccess(Listeners.java:21)
at com.Trello.Utility.Listeners.onTestSuccess(Listeners.java:21)
at com.Trello.Utility.Listeners.onTestSuccess(Listeners.java:21)
at com.Trello.Utility.Listeners.onTestSuccess(Listeners.java:21)
at com.Trello.Utility.Listeners.onTestSuccess(Listeners.java:21)
at com.Trello.Utility.Listeners.onTestSuccess(Listeners.java:21)
at com.Trello.Utility.Listeners.onTestSuccess(Listeners.java:21)
at com.Trello.Utility.Listeners.onTestSuccess(Listeners.java:21)
at com.Trello.Utility.Listeners.onTestSuccess(Listeners.java:21)
at com.Trello.Utility.Listeners.onTestSuccess(Listeners.java:21)
at com.Trello.Utility.Listeners.onTestSuccess(Listeners.java:21)
at com.Trello.Utility.Listeners.onTestSuccess(Listeners.java:21)
at com.Trello.Utility.Listeners.onTestSuccess(Listeners.java:21)
at com.Trello.Utility.Listeners.onTestSuccess(Listeners.java:21)
at com.Trello.Utility.Listeners.onTestSuccess(Listeners.java:21)
at com.Trello.Utility.Listeners.onTestSuccess(Listeners.java:21)
at com.Trello.Utility.Listeners.onTestSuccess(Listeners.java:21)
at com.Trello.Utility.Listeners.onTestSuccess(Listeners.java:21)
at com.Trello.Utility.Listeners.onTestSuccess(Listeners.java:21)
at com.Trello.Utility.Listeners.onTestSuccess(Listeners.java:21)
at com.Trello.Utility.Listeners.onTestSuccess(Listeners.java:21)
at com.Trello.Utility.Listeners.onTestSuccess(Listeners.java:21)
at com.Trello.Utility.Listeners.onTestSuccess(Listeners.java:21)
at com.Trello.Utility.Listeners.onTestSuccess(Listeners.java:21)
at com.Trello.Utility.Listeners.onTestSuccess(Listeners.java:21)
at com.Trello.Utility.Listeners.onTestSuccess(Listeners.java:21)
at com.Trello.Utility.Listeners.onTestSuccess(Listeners.java:21)
at com.Trello.Utility.Listeners.onTestSuccess(Listeners.java:21)
at com.Trello.Utility.Listeners.onTestSuccess(Listeners.java:21)
at com.Trello.Utility.Listeners.onTestSuccess(Listeners.java:21)
at com.Trello.Utility.Listeners.onTestSuccess(Listeners.java:21)
at com.Trello.Utility.Listeners.onTestSuccess(Listeners.java:21)
at com.Trello.Utility.Listeners.onTestSuccess(Listeners.java:21)
at com.Trello.Utility.Listeners.onTestSuccess(Listeners.java:21)
at com.Trello.Utility.Listeners.onTestSuccess(Listeners.java:21)
at com.Trello.Utility.Listeners.onTestSuccess(Listeners.java:21)
at com.Trello.Utility.Listeners.onTestSuccess(Listeners.java:21)
at com.Trello.Utility.Listeners.onTestSuccess(Listeners.java:21)
at com.Trello.Utility.Listeners.onTestSuccess(Listeners.java:21)
at com.Trello.Utility.Listeners.onTestSuccess(Listeners.java:21)
at com.Trello.Utility.Listeners.onTestSuccess(Listeners.java:21)
at com.Trello.Utility.Listeners.onTestSuccess(Listeners.java:21)
at com.Trello.Utility.Listeners.onTestSuccess(Listeners.java:21)
at com.Trello.Utility.Listeners.onTestSuccess(Listeners.java:21)
at com.Trello.Utility.Listeners.onTestSuccess(Listeners.java:21)
at com.Trello.Utility.Listeners.onTestSuccess(Listeners.java:21)
at com.Trello.Utility.Listeners.onTestSuccess(Listeners.java:21)
at com.Trello.Utility.Listeners.onTestSuccess(Listeners.java:21)
at com.Trello.Utility.Listeners.onTestSuccess(Listeners.java:21)
at com.Trello.Utility.Listeners.onTestSuccess(Listeners.java:21)
at com.Trello.Utility.Listeners.onTestSuccess(Listeners.java:21)
at com.Trello.Utility.Listeners.onTestSuccess(Listeners.java:21)
at com.Trello.Utility.Listeners.onTestSuccess(Listeners.java:21)
at com.Trello.Utility.Listeners.onTestSuccess(Listeners.java:21)
at com.Trello.Utility.Listeners.onTestSuccess(Listeners.java:21)
at com.Trello.Utility.Listeners.onTestSuccess(Listeners.java:21)
at com.Trello.Utility.Listeners.onTestSuccess(Listeners.java:21)
at com.Trello.Utility.Listeners.onTestSuccess(Listeners.java:21)
at com.Trello.Utility.Listeners.onTestSuccess(Listeners.java:21)
at com.Trello.Utility.Listeners.onTestSuccess(Listeners.java:21)
at com.Trello.Utility.Listeners.onTestSuccess(Listeners.java:21)
at com.Trello.Utility.Listeners.onTestSuccess(Listeners.java:21)
at com.Trello.Utility.Listeners.onTestSuccess(Listeners.java:21)
at com.Trello.Utility.Listeners.onTestSuccess(Listeners.java:21)
at com.Trello.Utility.Listeners.onTestSuccess(Listeners.java:21)
at com.Trello.Utility.Listeners.onTestSuccess(Listeners.java:21)
at com.Trello.Utility.Listeners.onTestSuccess(Listeners.java:21)
at com.Trello.Utility.Listeners.onTestSuccess(Listeners.java:21)
at com.Trello.Utility.Listeners.onTestSuccess(Listeners.java:21)
at com.Trello.Utility.Listeners.onTestSuccess(Listeners.java:21)
at com.Trello.Utility.Listeners.onTestSuccess(Listeners.java:21)
at com.Trello.Utility.Listeners.onTestSuccess(Listeners.java:21)
at com.Trello.Utility.Listeners.onTestSuccess(Listeners.java:21)
at com.Trello.Utility.Listeners.onTestSuccess(Listeners.java:21)
at com.Trello.Utility.Listeners.onTestSuccess(Listeners.java:21)
at com.Trello.Utility.Listeners.onTestSuccess(Listeners.java:21)
at com.Trello.Utility.Listeners.onTestSuccess(Listeners.java:21)
at com.Trello.Utility.Listeners.onTestSuccess(Listeners.java:21)
at com.Trello.Utility.Listeners.onTestSuccess(Listeners.java:21)
at com.Trello.Utility.Listeners.onTestSuccess(Listeners.java:21)
at com.Trello.Utility.Listeners.onTestSuccess(Listeners.java:21)
at com.Trello.Utility.Listeners.onTestSuccess(Listeners.java:21)
at com.Trello.Utility.Listeners.onTestSuccess(Listeners.java:21)
at com.Trello.Utility.Listeners.onTestSuccess(Listeners.java:21)
at com.Trello.Utility.Listeners.onTestSuccess(Listeners.java:21)
at com.Trello.Utility.Listeners.onTestSuccess(Listeners.java:21)
at com.Trello.Utility.Listeners.onTestSuccess(Listeners.java:21)
at com.Trello.Utility.Listeners.onTestSuccess(Listeners.java:21)
at com.Trello.Utility.Listeners.onTestSuccess(Listeners.java:21)
at com.Trello.Utility.Listeners.onTestSuccess(Listeners.java:21)
at com.Trello.Utility.Listeners.onTestSuccess(Listeners.java:21)
at com.Trello.Utility.Listeners.onTestSuccess(Listeners.java:21)
at com.Trello.Utility.Listeners.onTestSuccess(Listeners.java:21)
at com.Trello.Utility.Listeners.onTestSuccess(Listeners.java:21)
at com.Trello.Utility.Listeners.onTestSuccess(Listeners.java:21)
at com.Trello.Utility.Listeners.onTestSuccess(Listeners.java:21)
at com.Trello.Utility.Listeners.onTestSuccess(Listeners.java:21)
at com.Trello.Utility.Listeners.onTestSuccess(Listeners.java:21)
at com.Trello.Utility.Listeners.onTestSuccess(Listeners.java:21)
at com.Trello.Utility.Listeners.onTestSuccess(Listeners.java:21)
at com.Trello.Utility.Listeners.onTestSuccess(Listeners.java:21)
at com.Trello.Utility.Listeners.onTestSuccess(Listeners.java:21)
at com.Trello.Utility.Listeners.onTestSuccess(Listeners.java:21)
at com.Trello.Utility.Listeners.onTestSuccess(Listeners.java:21)
at com.Trello.Utility.Listeners.onTestSuccess(Listeners.java:21)
at com.Trello.Utility.Listeners.onTestSuccess(Listeners.java:21)
at com.Trello.Utility.Listeners.onTestSuccess(Listeners.java:21)
at com.Trello.Utility.Listeners.onTestSuccess(Listeners.java:21)
at com.Trello.Utility.Listeners.onTestSuccess(Listeners.java:21)
at com.Trello.Utility.Listeners.onTestSuccess(Listeners.java:21)
at com.Trello.Utility.Listeners.onTestSuccess(Listeners.java:21)
at com.Trello.Utility.Listeners.onTestSuccess(Listeners.java:21)
at com.Trello.Utility.Listeners.onTestSuccess(Listeners.java:21)
at com.Trello.Utility.Listeners.onTestSuccess(Listeners.java:21)
at com.Trello.Utility.Listeners.onTestSuccess(Listeners.java:21)
at com.Trello.Utility.Listeners.onTestSuccess(Listeners.java:21)
at com.Trello.Utility.Listeners.onTestSuccess(Listeners.java:21)
at com.Trello.Utility.Listeners.onTestSuccess(Listeners.java:21)
at com.Trello.Utility.Listeners.onTestSuccess(Listeners.java:21)
at com.Trello.Utility.Listeners.onTestSuccess(Listeners.java:21)
at com.Trello.Utility.Listeners.onTestSuccess(Listeners.java:21)
at com.Trello.Utility.Listeners.onTestSuccess(Listeners.java:21)
at com.Trello.Utility.Listeners.onTestSuccess(Listeners.java:21)
at com.Trello.Utility.Listeners.onTestSuccess(Listeners.java:21)
at com.Trello.Utility.Listeners.onTestSuccess(Listeners.java:21)
at com.Trello.Utility.Listeners.onTestSuccess(Listeners.java:21)
at com.Trello.Utility.Listeners.onTestSuccess(Listeners.java:21)
at com.Trello.Utility.Listeners.onTestSuccess(Listeners.java:21)
at com.Trello.Utility.Listeners.onTestSuccess(Listeners.java:21)
at com.Trello.Utility.Listeners.onTestSuccess(Listeners.java:21)
at com.Trello.Utility.Listeners.onTestSuccess(Listeners.java:21)
at com.Trello.Utility.Listeners.onTestSuccess(Listeners.java:21)
at com.Trello.Utility.Listeners.onTestSuccess(Listeners.java:21)
at com.Trello.Utility.Listeners.onTestSuccess(Listeners.java:21)
at com.Trello.Utility.Listeners.onTestSuccess(Listeners.java:21)
at com.Trello.Utility.Listeners.onTestSuccess(Listeners.java:21)
at com.Trello.Utility.Listeners.onTestSuccess(Listeners.java:21)
at com.Trello.Utility.Listeners.onTestSuccess(Listeners.java:21)
at com.Trello.Utility.Listeners.onTestSuccess(Listeners.java:21)
at com.Trello.Utility.Listeners.onTestSuccess(Listeners.java:21)
at com.Trello.Utility.Listeners.onTestSuccess(Listeners.java:21)
at com.Trello.Utility.Listeners.onTestSuccess(Listeners.java:21)
at com.Trello.Utility.Listeners.onTestSuccess(Listeners.java:21)
at com.Trello.Utility.Listeners.onTestSuccess(Listeners.java:21)
at com.Trello.Utility.Listeners.onTestSuccess(Listeners.java:21)
at com.Trello.Utility.Listeners.onTestSuccess(Listeners.java:21)
at com.Trello.Utility.Listeners.onTestSuccess(Listeners.java:21)
at com.Trello.Utility.Listeners.onTestSuccess(Listeners.java:21)
at com.Trello.Utility.Listeners.onTestSuccess(Listeners.java:21)
at com.Trello.Utility.Listeners.onTestSuccess(Listeners.java:21)
at com.Trello.Utility.Listeners.onTestSuccess(Listeners.java:21)
at com.Trello.Utility.Listeners.onTestSuccess(Listeners.java:21)
at com.Trello.Utility.Listeners.onTestSuccess(Listeners.java:21)
at com.Trello.Utility.Listeners.onTestSuccess(Listeners.java:21)
at com.Trello.Utility.Listeners.onTestSuccess(Listeners.java:21)
at com.Trello.Utility.Listeners.onTestSuccess(Listeners.java:21)
at com.Trello.Utility.Listeners.onTestSuccess(Listeners.java:21)
at com.Trello.Utility.Listeners.onTestSuccess(Listeners.java:21)
at com.Trello.Utility.Listeners.onTestSuccess(Listeners.java:21)
at com.Trello.Utility.Listeners.onTestSuccess(Listeners.java:21)
at com.Trello.Utility.Listeners.onTestSuccess(Listeners.java:21)
at com.Trello.Utility.Listeners.onTestSuccess(Listeners.java:21)
at com.Trello.Utility.Listeners.onTestSuccess(Listeners.java:21)
at com.Trello.Utility.Listeners.onTestSuccess(Listeners.java:21)
at com.Trello.Utility.Listeners.onTestSuccess(Listeners.java:21)
at com.Trello.Utility.Listeners.onTestSuccess(Listeners.java:21)
at com.Trello.Utility.Listeners.onTestSuccess(Listeners.java:21)
at com.Trello.Utility.Listeners.onTestSuccess(Listeners.java:21)
at com.Trello.Utility.Listeners.onTestSuccess(Listeners.java:21)
at com.Trello.Utility.Listeners.onTestSuccess(Listeners.java:21)
at com.Trello.Utility.Listeners.onTestSuccess(Listeners.java:21)
at com.Trello.Utility.Listeners.onTestSuccess(Listeners.java:21)
at com.Trello.Utility.Listeners.onTestSuccess(Listeners.java:21)
at com.Trello.Utility.Listeners.onTestSuccess(Listeners.java:21)
at com.Trello.Utility.Listeners.onTestSuccess(Listeners.java:21)
at com.Trello.Utility.Listeners.onTestSuccess(Listeners.java:21)
at com.Trello.Utility.Listeners.onTestSuccess(Listeners.java:21)
at com.Trello.Utility.Listeners.onTestSuccess(Listeners.java:21)
at com.Trello.Utility.Listeners.onTestSuccess(Listeners.java:21)
at com.Trello.Utility.Listeners.onTestSuccess(Listeners.java:21)
at com.Trello.Utility.Listeners.onTestSuccess(Listeners.java:21)
at com.Trello.Utility.Listeners.onTestSuccess(Listeners.java:21)
at com.Trello.Utility.Listeners.onTestSuccess(Listeners.java:21)
at com.Trello.Utility.Listeners.onTestSuccess(Listeners.java:21)
at com.Trello.Utility.Listeners.onTestSuccess(Listeners.java:21)
at com.Trello.Utility.Listeners.onTestSuccess(Listeners.java:21)
at com.Trello.Utility.Listeners.onTestSuccess(Listeners.java:21)
at com.Trello.Utility.Listeners.onTestSuccess(Listeners.java:21)
at com.Trello.Utility.Listeners.onTestSuccess(Listeners.java:21)
at com.Trello.Utility.Listeners.onTestSuccess(Listeners.java:21)
at com.Trello.Utility.Listeners.onTestSuccess(Listeners.java:21)
at com.Trello.Utility.Listeners.onTestSuccess(Listeners.java:21)
at com.Trello.Utility.Listeners.onTestSuccess(Listeners.java:21)
at com.Trello.Utility.Listeners.onTestSuccess(Listeners.java:21)
at com.Trello.Utility.Listeners.onTestSuccess(Listeners.java:21)
at com.Trello.Utility.Listeners.onTestSuccess(Listeners.java:21)
at com.Trello.Utility.Listeners.onTestSuccess(Listeners.java:21)
at com.Trello.Utility.Listeners.onTestSuccess(Listeners.java:21)
at com.Trello.Utility.Listeners.onTestSuccess(Listeners.java:21)
at com.Trello.Utility.Listeners.onTestSuccess(Listeners.java:21)
at com.Trello.Utility.Listeners.onTestSuccess(Listeners.java:21)
at com.Trello.Utility.Listeners.onTestSuccess(Listeners.java:21)
at com.Trello.Utility.Listeners.onTestSuccess(Listeners.java:21)
at com.Trello.Utility.Listeners.onTestSuccess(Listeners.java:21)
at com.Trello.Utility.Listeners.onTestSuccess(Listeners.java:21)
at com.Trello.Utility.Listeners.onTestSuccess(Listeners.java:21)
at com.Trello.Utility.Listeners.onTestSuccess(Listeners.java:21)
at com.Trello.Utility.Listeners.onTestSuccess(Listeners.java:21)
at com.Trello.Utility.Listeners.onTestSuccess(Listeners.java:21)
at com.Trello.Utility.Listeners.onTestSuccess(Listeners.java:21)
at com.Trello.Utility.Listeners.onTestSuccess(Listeners.java:21)
at com.Trello.Utility.Listeners.onTestSuccess(Listeners.java:21)
at com.Trello.Utility.Listeners.onTestSuccess(Listeners.java:21)
at com.Trello.Utility.Listeners.onTestSuccess(Listeners.java:21)
at com.Trello.Utility.Listeners.onTestSuccess(Listeners.java:21)
at com.Trello.Utility.Listeners.onTestSuccess(Listeners.java:21)
at com.Trello.Utility.Listeners.onTestSuccess(Listeners.java:21)
at com.Trello.Utility.Listeners.onTestSuccess(Listeners.java:21)
at com.Trello.Utility.Listeners.onTestSuccess(Listeners.java:21)
at com.Trello.Utility.Listeners.onTestSuccess(Listeners.java:21)
at com.Trello.Utility.Listeners.onTestSuccess(Listeners.java:21)
at com.Trello.Utility.Listeners.onTestSuccess(Listeners.java:21)
at com.Trello.Utility.Listeners.onTestSuccess(Listeners.java:21)
at com.Trello.Utility.Listeners.onTestSuccess(Listeners.java:21)
at com.Trello.Utility.Listeners.onTestSuccess(Listeners.java:21)
at com.Trello.Utility.Listeners.onTestSuccess(Listeners.java:21)
at com.Trello.Utility.Listeners.onTestSuccess(Listeners.java:21)
at com.Trello.Utility.Listeners.onTestSuccess(Listeners.java:21)
at com.Trello.Utility.Listeners.onTestSuccess(Listeners.java:21)
at com.Trello.Utility.Listeners.onTestSuccess(Listeners.java:21)
at com.Trello.Utility.Listeners.onTestSuccess(Listeners.java:21)
at com.Trello.Utility.Listeners.onTestSuccess(Listeners.java:21)
at com.Trello.Utility.Listeners.onTestSuccess(Listeners.java:21)
at com.Trello.Utility.Listeners.onTestSuccess(Listeners.java:21)
at com.Trello.Utility.Listeners.onTestSuccess(Listeners.java:21)
at com.Trello.Utility.Listeners.onTestSuccess(Listeners.java:21)
at com.Trello.Utility.Listeners.onTestSuccess(Listeners.java:21)
at com.Trello.Utility.Listeners.onTestSuccess(Listeners.java:21)
at com.Trello.Utility.Listeners.onTestSuccess(Listeners.java:21)
at com.Trello.Utility.Listeners.onTestSuccess(Listeners.java:21)
at com.Trello.Utility.Listeners.onTestSuccess(Listeners.java:21)
at com.Trello.Utility.Listeners.onTestSuccess(Listeners.java:21)
at com.Trello.Utility.Listeners.onTestSuccess(Listeners.java:21)
at com.Trello.Utility.Listeners.onTestSuccess(Listeners.java:21)
at com.Trello.Utility.Listeners.onTestSuccess(Listeners.java:21)
at com.Trello.Utility.Listeners.onTestSuccess(Listeners.java:21)
at com.Trello.Utility.Listeners.onTestSuccess(Listeners.java:21)
at com.Trello.Utility.Listeners.onTestSuccess(Listeners.java:21)
at com.Trello.Utility.Listeners.onTestSuccess(Listeners.java:21)
at com.Trello.Utility.Listeners.onTestSuccess(Listeners.java:21)
at com.Trello.Utility.Listeners.onTestSuccess(Listeners.java:21)
at com.Trello.Utility.Listeners.onTestSuccess(Listeners.java:21)
at com.Trello.Utility.Listeners.onTestSuccess(Listeners.java:21)
at com.Trello.Utility.Listeners.onTestSuccess(Listeners.java:21)
at com.Trello.Utility.Listeners.onTestSuccess(Listeners.java:21)
at com.Trello.Utility.Listeners.onTestSuccess(Listeners.java:21)
at com.Trello.Utility.Listeners.onTestSuccess(Listeners.java:21)
at com.Trello.Utility.Listeners.onTestSuccess(Listeners.java:21)
at com.Trello.Utility.Listeners.onTestSuccess(Listeners.java:21)
at com.Trello.Utility.Listeners.onTestSuccess(Listeners.java:21)
at com.Trello.Utility.Listeners.onTestSuccess(Listeners.java:21)
at com.Trello.Utility.Listeners.onTestSuccess(Listeners.java:21)
at com.Trello.Utility.Listeners.onTestSuccess(Listeners.java:21)
at com.Trello.Utility.Listeners.onTestSuccess(Listeners.java:21)
at com.Trello.Utility.Listeners.onTestSuccess(Listeners.java:21)
at com.Trello.Utility.Listeners.onTestSuccess(Listeners.java:21)
at com.Trello.Utility.Listeners.onTestSuccess(Listeners.java:21)
at com.Trello.Utility.Listeners.onTestSuccess(Listeners.java:21)
at com.Trello.Utility.Listeners.onTestSuccess(Listeners.java:21)
at com.Trello.Utility.Listeners.onTestSuccess(Listeners.java:21)
at com.Trello.Utility.Listeners.onTestSuccess(Listeners.java:21)
at com.Trello.Utility.Listeners.onTestSuccess(Listeners.java:21)
at com.Trello.Utility.Listeners.onTestSuccess(Listeners.java:21)
at com.Trello.Utility.Listeners.onTestSuccess(Listeners.java:21)
at com.Trello.Utility.Listeners.onTestSuccess(Listeners.java:21)
at com.Trello.Utility.Listeners.onTestSuccess(Listeners.java:21)
at com.Trello.Utility.Listeners.onTestSuccess(Listeners.java:21)
at com.Trello.Utility.Listeners.onTestSuccess(Listeners.java:21)
at com.Trello.Utility.Listeners.onTestSuccess(Listeners.java:21)
at com.Trello.Utility.Listeners.onTestSuccess(Listeners.java:21)
at com.Trello.Utility.Listeners.onTestSuccess(Listeners.java:21)
at com.Trello.Utility.Listeners.onTestSuccess(Listeners.java:21)
at com.Trello.Utility.Listeners.onTestSuccess(Listeners.java:21)
at com.Trello.Utility.Listeners.onTestSuccess(Listeners.java:21)
at com.Trello.Utility.Listeners.onTestSuccess(Listeners.java:21)
at com.Trello.Utility.Listeners.onTestSuccess(Listeners.java:21)
at com.Trello.Utility.Listeners.onTestSuccess(Listeners.java:21)
at com.Trello.Utility.Listeners.onTestSuccess(Listeners.java:21)
at com.Trello.Utility.Listeners.onTestSuccess(Listeners.java:21)
at com.Trello.Utility.Listeners.onTestSuccess(Listeners.java:21)
at com.Trello.Utility.Listeners.onTestSuccess(Listeners.java:21)
at com.Trello.Utility.Listeners.onTestSuccess(Listeners.java:21)
at com.Trello.Utility.Listeners.onTestSuccess(Listeners.java:21)
at com.Trello.Utility.Listeners.onTestSuccess(Listeners.java:21)
at com.Trello.Utility.Listeners.onTestSuccess(Listeners.java:21)
at com.Trello.Utility.Listeners.onTestSuccess(Listeners.java:21)
at com.Trello.Utility.Listeners.onTestSuccess(Listeners.java:21)
at com.Trello.Utility.Listeners.onTestSuccess(Listeners.java:21)
at com.Trello.Utility.Listeners.onTestSuccess(Listeners.java:21)
at com.Trello.Utility.Listeners.onTestSuccess(Listeners.java:21)
at com.Trello.Utility.Listeners.onTestSuccess(Listeners.java:21)
at com.Trello.Utility.Listeners.onTestSuccess(Listeners.java:21)
at com.Trello.Utility.Listeners.onTestSuccess(Listeners.java:21)
at com.Trello.Utility.Listeners.onTestSuccess(Listeners.java:21)
at com.Trello.Utility.Listeners.onTestSuccess(Listeners.java:21)
at com.Trello.Utility.Listeners.onTestSuccess(Listeners.java:21)
at com.Trello.Utility.Listeners.onTestSuccess(Listeners.java:21)
at com.Trello.Utility.Listeners.onTestSuccess(Listeners.java:21)
at com.Trello.Utility.Listeners.onTestSuccess(Listeners.java:21)
at com.Trello.Utility.Listeners.onTestSuccess(Listeners.java:21)
at com.Trello.Utility.Listeners.onTestSuccess(Listeners.java:21)
at com.Trello.Utility.Listeners.onTestSuccess(Listeners.java:21)
at com.Trello.Utility.Listeners.onTestSuccess(Listeners.java:21)
at com.Trello.Utility.Listeners.onTestSuccess(Listeners.java:21)
at com.Trello.Utility.Listeners.onTestSuccess(Listeners.java:21)
at com.Trello.Utility.Listeners.onTestSuccess(Listeners.java:21)
at com.Trello.Utility.Listeners.onTestSuccess(Listeners.java:21)
at com.Trello.Utility.Listeners.onTestSuccess(Listeners.java:21)
at com.Trello.Utility.Listeners.onTestSuccess(Listeners.java:21)
at com.Trello.Utility.Listeners.onTestSuccess(Listeners.java:21)
at com.Trello.Utility.Listeners.onTestSuccess(Listeners.java:21)
at com.Trello.Utility.Listeners.onTestSuccess(Listeners.java:21)
at com.Trello.Utility.Listeners.onTestSuccess(Listeners.java:21)
at com.Trello.Utility.Listeners.onTestSuccess(Listeners.java:21)
at com.Trello.Utility.Listeners.onTestSuccess(Listeners.java:21)
at com.Trello.Utility.Listeners.onTestSuccess(Listeners.java:21)
at com.Trello.Utility.Listeners.onTestSuccess(Listeners.java:21)
at com.Trello.Utility.Listeners.onTestSuccess(Listeners.java:21)
at com.Trello.Utility.Listeners.onTestSuccess(Listeners.java:21)
at com.Trello.Utility.Listeners.onTestSuccess(Listeners.java:21)
at com.Trello.Utility.Listeners.onTestSuccess(Listeners.java:21)
at com.Trello.Utility.Listeners.onTestSuccess(Listeners.java:21)
at com.Trello.Utility.Listeners.onTestSuccess(Listeners.java:21)
at com.Trello.Utility.Listeners.onTestSuccess(Listeners.java:21)
at com.Trello.Utility.Listeners.onTestSuccess(Listeners.java:21)
at com.Trello.Utility.Listeners.onTestSuccess(Listeners.java:21)
at com.Trello.Utility.Listeners.onTestSuccess(Listeners.java:21)
at com.Trello.Utility.Listeners.onTestSuccess(Listeners.java:21)
at com.Trello.Utility.Listeners.onTestSuccess(Listeners.java:21)
at com.Trello.Utility.Listeners.onTestSuccess(Listeners.java:21)
at com.Trello.Utility.Listeners.onTestSuccess(Listeners.java:21)
at com.Trello.Utility.Listeners.onTestSuccess(Listeners.java:21)
at com.Trello.Utility.Listeners.onTestSuccess(Listeners.java:21)
at com.Trello.Utility.Listeners.onTestSuccess(Listeners.java:21)
at com.Trello.Utility.Listeners.onTestSuccess(Listeners.java:21)
at com.Trello.Utility.Listeners.onTestSuccess(Listeners.java:21)
at com.Trello.Utility.Listeners.onTestSuccess(Listeners.java:21)
at com.Trello.Utility.Listeners.onTestSuccess(Listeners.java:21)
at com.Trello.Utility.Listeners.onTestSuccess(Listeners.java:21)
at com.Trello.Utility.Listeners.onTestSuccess(Listeners.java:21)
at com.Trello.Utility.Listeners.onTestSuccess(Listeners.java:21)
at com.Trello.Utility.Listeners.onTestSuccess(Listeners.java:21)
at com.Trello.Utility.Listeners.onTestSuccess(Listeners.java:21)
at com.Trello.Utility.Listeners.onTestSuccess(Listeners.java:21)
at com.Trello.Utility.Listeners.onTestSuccess(Listeners.java:21)
at com.Trello.Utility.Listeners.onTestSuccess(Listeners.java:21)
at com.Trello.Utility.Listeners.onTestSuccess(Listeners.java:21)
at com.Trello.Utility.Listeners.onTestSuccess(Listeners.java:21)
at com.Trello.Utility.Listeners.onTestSuccess(Listeners.java:21)
at com.Trello.Utility.Listeners.onTestSuccess(Listeners.java:21)
at com.Trello.Utility.Listeners.onTestSuccess(Listeners.java:21)
at com.Trello.Utility.Listeners.onTestSuccess(Listeners.java:21)
at com.Trello.Utility.Listeners.onTestSuccess(Listeners.java:21)
at com.Trello.Utility.Listeners.onTestSuccess(Listeners.java:21)
at com.Trello.Utility.Listeners.onTestSuccess(Listeners.java:21)
at com.Trello.Utility.Listeners.onTestSuccess(Listeners.java:21)
at com.Trello.Utility.Listeners.onTestSuccess(Listeners.java:21)
at com.Trello.Utility.Listeners.onTestSuccess(Listeners.java:21)
at com.Trello.Utility.Listeners.onTestSuccess(Listeners.java:21)
at com.Trello.Utility.Listeners.onTestSuccess(Listeners.java:21)
at com.Trello.Utility.Listeners.onTestSuccess(Listeners.java:21)
at com.Trello.Utility.Listeners.onTestSuccess(Listeners.java:21)
at com.Trello.Utility.Listeners.onTestSuccess(Listeners.java:21)
at com.Trello.Utility.Listeners.onTestSuccess(Listeners.java:21)
at com.Trello.Utility.Listeners.onTestSuccess(Listeners.java:21)
at com.Trello.Utility.Listeners.onTestSuccess(Listeners.java:21)
at com.Trello.Utility.Listeners.onTestSuccess(Listeners.java:21)
at com.Trello.Utility.Listeners.onTestSuccess(Listeners.java:21)
at com.Trello.Utility.Listeners.onTestSuccess(Listeners.java:21)
at com.Trello.Utility.Listeners.onTestSuccess(Listeners.java:21)
at com.Trello.Utility.Listeners.onTestSuccess(Listeners.java:21)
at com.Trello.Utility.Listeners.onTestSuccess(Listeners.java:21)
at com.Trello.Utility.Listeners.onTestSuccess(Listeners.java:21)
at com.Trello.Utility.Listeners.onTestSuccess(Listeners.java:21)
at com.Trello.Utility.Listeners.onTestSuccess(Listeners.java:21)
at com.Trello.Utility.Listeners.onTestSuccess(Listeners.java:21)
at com.Trello.Utility.Listeners.onTestSuccess(Listeners.java:21)
at com.Trello.Utility.Listeners.onTestSuccess(Listeners.java:21)
at com.Trello.Utility.Listeners.onTestSuccess(Listeners.java:21)
at com.Trello.Utility.Listeners.onTestSuccess(Listeners.java:21)
at com.Trello.Utility.Listeners.onTestSuccess(Listeners.java:21)
at com.Trello.Utility.Listeners.onTestSuccess(Listeners.java:21)
at com.Trello.Utility.Listeners.onTestSuccess(Listeners.java:21)
at com.Trello.Utility.Listeners.onTestSuccess(Listeners.java:21)
at com.Trello.Utility.Listeners.onTestSuccess(Listeners.java:21)
at com.Trello.Utility.Listeners.onTestSuccess(Listeners.java:21)
at com.Trello.Utility.Listeners.onTestSuccess(Listeners.java:21)
at com.Trello.Utility.Listeners.onTestSuccess(Listeners.java:21)
at com.Trello.Utility.Listeners.onTestSuccess(Listeners.java:21)
at com.Trello.Utility.Listeners.onTestSuccess(Listeners.java:21)
at com.Trello.Utility.Listeners.onTestSuccess(Listeners.java:21)
at com.Trello.Utility.Listeners.onTestSuccess(Listeners.java:21)
at com.Trello.Utility.Listeners.onTestSuccess(Listeners.java:21)
at com.Trello.Utility.Listeners.onTestSuccess(Listeners.java:21)
at com.Trello.Utility.Listeners.onTestSuccess(Listeners.java:21)
at com.Trello.Utility.Listeners.onTestSuccess(Listeners.java:21)
at com.Trello.Utility.Listeners.onTestSuccess(Listeners.java:21)
at com.Trello.Utility.Listeners.onTestSuccess(Listeners.java:21)
at com.Trello.Utility.Listeners.onTestSuccess(Listeners.java:21)
at com.Trello.Utility.Listeners.onTestSuccess(Listeners.java:21)
at com.Trello.Utility.Listeners.onTestSuccess(Listeners.java:21)
at com.Trello.Utility.Listeners.onTestSuccess(Listeners.java:21)
at com.Trello.Utility.Listeners.onTestSuccess(Listeners.java:21)
at com.Trello.Utility.Listeners.onTestSuccess(Listeners.java:21)
at com.Trello.Utility.Listeners.onTestSuccess(Listeners.java:21)
at com.Trello.Utility.Listeners.onTestSuccess(Listeners.java:21)
at com.Trello.Utility.Listeners.onTestSuccess(Listeners.java:21)
at com.Trello.Utility.Listeners.onTestSuccess(Listeners.java:21)
at com.Trello.Utility.Listeners.onTestSuccess(Listeners.java:21)
at com.Trello.Utility.Listeners.onTestSuccess(Listeners.java:21)
at com.Trello.Utility.Listeners.onTestSuccess(Listeners.java:21)
at com.Trello.Utility.Listeners.onTestSuccess(Listeners.java:21)
at com.Trello.Utility.Listeners.onTestSuccess(Listeners.java:21)
at com.Trello.Utility.Listeners.onTestSuccess(Listeners.java:21)
at com.Trello.Utility.Listeners.onTestSuccess(Listeners.java:21)
at com.Trello.Utility.Listeners.onTestSuccess(Listeners.java:21)
at com.Trello.Utility.Listeners.onTestSuccess(Listeners.java:21)
at com.Trello.Utility.Listeners.onTestSuccess(Listeners.java:21)
at com.Trello.Utility.Listeners.onTestSuccess(Listeners.java:21)
at com.Trello.Utility.Listeners.onTestSuccess(Listeners.java:21)
at com.Trello.Utility.Listeners.onTestSuccess(Listeners.java:21)
at com.Trello.Utility.Listeners.onTestSuccess(Listeners.java:21)
at com.Trello.Utility.Listeners.onTestSuccess(Listeners.java:21)
at com.Trello.Utility.Listeners.onTestSuccess(Listeners.java:21)
at com.Trello.Utility.Listeners.onTestSuccess(Listeners.java:21)
at com.Trello.Utility.Listeners.onTestSuccess(Listeners.java:21)
at com.Trello.Utility.Listeners.onTestSuccess(Listeners.java:21)
at com.Trello.Utility.Listeners.onTestSuccess(Listeners.java:21)
at com.Trello.Utility.Listeners.onTestSuccess(Listeners.java:21)
at com.Trello.Utility.Listeners.onTestSuccess(Listeners.java:21)
at com.Trello.Utility.Listeners.onTestSuccess(Listeners.java:21)
at com.Trello.Utility.Listeners.onTestSuccess(Listeners.java:21)
at com.Trello.Utility.Listeners.onTestSuccess(Listeners.java:21)
at com.Trello.Utility.Listeners.onTestSuccess(Listeners.java:21)
at com.Trello.Utility.Listeners.onTestSuccess(Listeners.java:21)
at com.Trello.Utility.Listeners.onTestSuccess(Listeners.java:21)
at com.Trello.Utility.Listeners.onTestSuccess(Listeners.java:21)
at com.Trello.Utility.Listeners.onTestSuccess(Listeners.java:21)
at com.Trello.Utility.Listeners.onTestSuccess(Listeners.java:21)
at com.Trello.Utility.Listeners.onTestSuccess(Listeners.java:21)
at com.Trello.Utility.Listeners.onTestSuccess(Listeners.java:21)
at com.Trello.Utility.Listeners.onTestSuccess(Listeners.java:21)
at com.Trello.Utility.Listeners.onTestSuccess(Listeners.java:21)
at com.Trello.Utility.Listeners.onTestSuccess(Listeners.java:21)
at com.Trello.Utility.Listeners.onTestSuccess(Listeners.java:21)
at com.Trello.Utility.Listeners.onTestSuccess(Listeners.java:21)
at com.Trello.Utility.Listeners.onTestSuccess(Listeners.java:21)
at com.Trello.Utility.Listeners.onTestSuccess(Listeners.java:21)
at com.Trello.Utility.Listeners.onTestSuccess(Listeners.java:21)
at com.Trello.Utility.Listeners.onTestSuccess(Listeners.java:21)
at com.Trello.Utility.Listeners.onTestSuccess(Listeners.java:21)
at com.Trello.Utility.Listeners.onTestSuccess(Listeners.java:21)
at com.Trello.Utility.Listeners.onTestSuccess(Listeners.java:21)
at com.Trello.Utility.Listeners.onTestSuccess(Listeners.java:21)
at com.Trello.Utility.Listeners.onTestSuccess(Listeners.java:21)
at com.Trello.Utility.Listeners.onTestSuccess(Listeners.java:21)
at com.Trello.Utility.Listeners.onTestSuccess(Listeners.java:21)
at com.Trello.Utility.Listeners.onTestSuccess(Listeners.java:21)
at com.Trello.Utility.Listeners.onTestSuccess(Listeners.java:21)
at com.Trello.Utility.Listeners.onTestSuccess(Listeners.java:21)
at com.Trello.Utility.Listeners.onTestSuccess(Listeners.java:21)
at com.Trello.Utility.Listeners.onTestSuccess(Listeners.java:21)
at com.Trello.Utility.Listeners.onTestSuccess(Listeners.java:21)
at com.Trello.Utility.Listeners.onTestSuccess(Listeners.java:21)
at com.Trello.Utility.Listeners.onTestSuccess(Listeners.java:21)
at com.Trello.Utility.Listeners.onTestSuccess(Listeners.java:21)
at com.Trello.Utility.Listeners.onTestSuccess(Listeners.java:21)
at com.Trello.Utility.Listeners.onTestSuccess(Listeners.java:21)
at com.Trello.Utility.Listeners.onTestSuccess(Listeners.java:21)
at com.Trello.Utility.Listeners.onTestSuccess(Listeners.java:21)
at com.Trello.Utility.Listeners.onTestSuccess(Listeners.java:21)
at com.Trello.Utility.Listeners.onTestSuccess(Listeners.java:21)
at com.Trello.Utility.Listeners.onTestSuccess(Listeners.java:21)
at com.Trello.Utility.Listeners.onTestSuccess(Listeners.java:21)
at com.Trello.Utility.Listeners.onTestSuccess(Listeners.java:21)
at com.Trello.Utility.Listeners.onTestSuccess(Listeners.java:21)
at com.Trello.Utility.Listeners.onTestSuccess(Listeners.java:21)
at com.Trello.Utility.Listeners.onTestSuccess(Listeners.java:21)
at com.Trello.Utility.Listeners.onTestSuccess(Listeners.java:21)
at com.Trello.Utility.Listeners.onTestSuccess(Listeners.java:21)
at com.Trello.Utility.Listeners.onTestSuccess(Listeners.java:21)
at com.Trello.Utility.Listeners.onTestSuccess(Listeners.java:21)
at com.Trello.Utility.Listeners.onTestSuccess(Listeners.java:21)
at com.Trello.Utility.Listeners.onTestSuccess(Listeners.java:21)
at com.Trello.Utility.Listeners.onTestSuccess(Listeners.java:21)
at com.Trello.Utility.Listeners.onTestSuccess(Listeners.java:21)
at com.Trello.Utility.Listeners.onTestSuccess(Listeners.java:21)
at com.Trello.Utility.Listeners.onTestSuccess(Listeners.java:21)
at com.Trello.Utility.Listeners.onTestSuccess(Listeners.java:21)
at com.Trello.Utility.Listeners.onTestSuccess(Listeners.java:21)
at com.Trello.Utility.Listeners.onTestSuccess(Listeners.java:21)
at com.Trello.Utility.Listeners.onTestSuccess(Listeners.java:21)
at com.Trello.Utility.Listeners.onTestSuccess(Listeners.java:21)
at com.Trello.Utility.Listeners.onTestSuccess(Listeners.java:21)
at com.Trello.Utility.Listeners.onTestSuccess(Listeners.java:21)
at com.Trello.Utility.Listeners.onTestSuccess(Listeners.java:21)
at com.Trello.Utility.Listeners.onTestSuccess(Listeners.java:21)
at com.Trello.Utility.Listeners.onTestSuccess(Listeners.java:21)
at com.Trello.Utility.Listeners.onTestSuccess(Listeners.java:21)
at com.Trello.Utility.Listeners.onTestSuccess(Listeners.java:21)
at com.Trello.Utility.Listeners.onTestSuccess(Listeners.java:21)
at com.Trello.Utility.Listeners.onTestSuccess(Listeners.java:21)
at com.Trello.Utility.Listeners.onTestSuccess(Listeners.java:21)
at com.Trello.Utility.Listeners.onTestSuccess(Listeners.java:21)
at com.Trello.Utility.Listeners.onTestSuccess(Listeners.java:21)
at com.Trello.Utility.Listeners.onTestSuccess(Listeners.java:21)
at com.Trello.Utility.Listeners.onTestSuccess(Listeners.java:21)
at com.Trello.Utility.Listeners.onTestSuccess(Listeners.java:21)
at com.Trello.Utility.Listeners.onTestSuccess(Listeners.java:21)
at com.Trello.Utility.Listeners.onTestSuccess(Listeners.java:21)
at com.Trello.Utility.Listeners.onTestSuccess(Listeners.java:21)
at com.Trello.Utility.Listeners.onTestSuccess(Listeners.java:21)
at com.Trello.Utility.Listeners.onTestSuccess(Listeners.java:21)
at com.Trello.Utility.Listeners.onTestSuccess(Listeners.java:21)
at com.Trello.Utility.Listeners.onTestSuccess(Listeners.java:21)
at com.Trello.Utility.Listeners.onTestSuccess(Listeners.java:21)
at com.Trello.Utility.Listeners.onTestSuccess(Listeners.java:21)
at com.Trello.Utility.Listeners.onTestSuccess(Listeners.java:21)
at com.Trello.Utility.Listeners.onTestSuccess(Listeners.java:21)
at com.Trello.Utility.Listeners.onTestSuccess(Listeners.java:21)
at com.Trello.Utility.Listeners.onTestSuccess(Listeners.java:21)
at com.Trello.Utility.Listeners.onTestSuccess(Listeners.java:21)
at com.Trello.Utility.Listeners.onTestSuccess(Listeners.java:21)
at com.Trello.Utility.Listeners.onTestSuccess(Listeners.java:21)
at com.Trello.Utility.Listeners.onTestSuccess(Listeners.java:21)
at com.Trello.Utility.Listeners.onTestSuccess(Listeners.java:21)
at com.Trello.Utility.Listeners.onTestSuccess(Listeners.java:21)
at com.Trello.Utility.Listeners.onTestSuccess(Listeners.java:21)
at com.Trello.Utility.Listeners.onTestSuccess(Listeners.java:21)
at com.Trello.Utility.Listeners.onTestSuccess(Listeners.java:21)
at com.Trello.Utility.Listeners.onTestSuccess(Listeners.java:21)
at com.Trello.Utility.Listeners.onTestSuccess(Listeners.java:21)
at com.Trello.Utility.Listeners.onTestSuccess(Listeners.java:21)
at com.Trello.Utility.Listeners.onTestSuccess(Listeners.java:21)
at com.Trello.Utility.Listeners.onTestSuccess(Listeners.java:21)
at com.Trello.Utility.Listeners.onTestSuccess(Listeners.java:21)
at com.Trello.Utility.Listeners.onTestSuccess(Listeners.java:21)
at com.Trello.Utility.Listeners.onTestSuccess(Listeners.java:21)
at com.Trello.Utility.Listeners.onTestSuccess(Listeners.java:21)
at com.Trello.Utility.Listeners.onTestSuccess(Listeners.java:21)
at com.Trello.Utility.Listeners.onTestSuccess(Listeners.java:21)
at com.Trello.Utility.Listeners.onTestSuccess(Listeners.java:21)
at com.Trello.Utility.Listeners.onTestSuccess(Listeners.java:21)
at com.Trello.Utility.Listeners.onTestSuccess(Listeners.java:21)
at com.Trello.Utility.Listeners.onTestSuccess(Listeners.java:21)
at com.Trello.Utility.Listeners.onTestSuccess(Listeners.java:21)
at com.Trello.Utility.Listeners.onTestSuccess(Listeners.java:21)
at com.Trello.Utility.Listeners.onTestSuccess(Listeners.java:21)
at com.Trello.Utility.Listeners.onTestSuccess(Listeners.java:21)
at com.Trello.Utility.Listeners.onTestSuccess(Listeners.java:21)
at com.Trello.Utility.Listeners.onTestSuccess(Listeners.java:21)
at com.Trello.Utility.Listeners.onTestSuccess(Listeners.java:21)
at com.Trello.Utility.Listeners.onTestSuccess(Listeners.java:21)
at com.Trello.Utility.Listeners.onTestSuccess(Listeners.java:21)
at com.Trello.Utility.Listeners.onTestSuccess(Listeners.java:21)
at com.Trello.Utility.Listeners.onTestSuccess(Listeners.java:21)
at com.Trello.Utility.Listeners.onTestSuccess(Listeners.java:21)
at com.Trello.Utility.Listeners.onTestSuccess(Listeners.java:21)
at com.Trello.Utility.Listeners.onTestSuccess(Listeners.java:21)
at com.Trello.Utility.Listeners.onTestSuccess(Listeners.java:21)
at com.Trello.Utility.Listeners.onTestSuccess(Listeners.java:21)
at com.Trello.Utility.Listeners.onTestSuccess(Listeners.java:21)
at com.Trello.Utility.Listeners.onTestSuccess(Listeners.java:21)
at com.Trello.Utility.Listeners.onTestSuccess(Listeners.java:21)
at com.Trello.Utility.Listeners.onTestSuccess(Listeners.java:21)
at com.Trello.Utility.Listeners.onTestSuccess(Listeners.java:21)
at com.Trello.Utility.Listeners.onTestSuccess(Listeners.java:21)
at com.Trello.Utility.Listeners.onTestSuccess(Listeners.java:21)
at com.Trello.Utility.Listeners.onTestSuccess(Listeners.java:21)
at com.Trello.Utility.Listeners.onTestSuccess(Listeners.java:21)
at com.Trello.Utility.Listeners.onTestSuccess(Listeners.java:21)
at com.Trello.Utility.Listeners.onTestSuccess(Listeners.java:21)
at com.Trello.Utility.Listeners.onTestSuccess(Listeners.java:21)
at com.Trello.Utility.Listeners.onTestSuccess(Listeners.java:21)
at com.Trello.Utility.Listeners.onTestSuccess(Listeners.java:21)
at com.Trello.Utility.Listeners.onTestSuccess(Listeners.java:21)
at com.Trello.Utility.Listeners.onTestSuccess(Listeners.java:21)
at com.Trello.Utility.Listeners.onTestSuccess(Listeners.java:21)
at com.Trello.Utility.Listeners.onTestSuccess(Listeners.java:21)
at com.Trello.Utility.Listeners.onTestSuccess(Listeners.java:21)
at com.Trello.Utility.Listeners.onTestSuccess(Listeners.java:21)
at com.Trello.Utility.Listeners.onTestSuccess(Listeners.java:21)
at com.Trello.Utility.Listeners.onTestSuccess(Listeners.java:21)
at com.Trello.Utility.Listeners.onTestSuccess(Listeners.java:21)
at com.Trello.Utility.Listeners.onTestSuccess(Listeners.java:21)
at com.Trello.Utility.Listeners.onTestSuccess(Listeners.java:21)
at com.Trello.Utility.Listeners.onTestSuccess(Listeners.java:21)
at com.Trello.Utility.Listeners.onTestSuccess(Listeners.java:21)
at com.Trello.Utility.Listeners.onTestSuccess(Listeners.java:21)
at com.Trello.Utility.Listeners.onTestSuccess(Listeners.java:21)
at com.Trello.Utility.Listeners.onTestSuccess(Listeners.java:21)
at com.Trello.Utility.Listeners.onTestSuccess(Listeners.java:21)
at com.Trello.Utility.Listeners.onTestSuccess(Listeners.java:21)
at com.Trello.Utility.Listeners.onTestSuccess(Listeners.java:21)
at com.Trello.Utility.Listeners.onTestSuccess(Listeners.java:21)
at com.Trello.Utility.Listeners.onTestSuccess(Listeners.java:21)
at com.Trello.Utility.Listeners.onTestSuccess(Listeners.java:21)
at com.Trello.Utility.Listeners.onTestSuccess(Listeners.java:21)
at com.Trello.Utility.Listeners.onTestSuccess(Listeners.java:21)
at com.Trello.Utility.Listeners.onTestSuccess(Listeners.java:21)
at com.Trello.Utility.Listeners.onTestSuccess(Listeners.java:21)
at com.Trello.Utility.Listeners.onTestSuccess(Listeners.java:21)
at com.Trello.Utility.Listeners.onTestSuccess(Listeners.java:21)
at com.Trello.Utility.Listeners.onTestSuccess(Listeners.java:21)
at com.Trello.Utility.Listeners.onTestSuccess(Listeners.java:21)
at com.Trello.Utility.Listeners.onTestSuccess(Listeners.java:21)
at com.Trello.Utility.Listeners.onTestSuccess(Listeners.java:21)
]]>
    </failure>
  </testcase> <!-- loginTest -->
</testsuite> <!-- LoginTest -->
