<?xml version="1.0" encoding="UTF-8"?>
<testng-results skipped="0" failed="1" ignored="0" total="1" passed="0">
  <reporter-output>
  </reporter-output>
  <suite name="Trello UI test suite" duration-ms="81822" started-at="2022-07-18T10:04:31 IST" finished-at="2022-07-18T10:05:53 IST">
    <groups>
    </groups>
    <test name="LoginTest" duration-ms="81822" started-at="2022-07-18T10:04:31 IST" finished-at="2022-07-18T10:05:53 IST">
      <class name="com.Trello.Configurations.SampleTest">
        <test-method status="PASS" signature="beforeTestMethod()[pri:0, instance:com.Trello.Configurations.SampleTest@481a15ff]" name="beforeTestMethod" is-config="true" duration-ms="16" started-at="2022-07-18T10:04:31 IST" finished-at="2022-07-18T10:04:31 IST">
          <reporter-output>
          </reporter-output>
        </test-method> <!-- beforeTestMethod -->
        <test-method status="FAIL" signature="loginTest()[pri:1, instance:com.Trello.Configurations.SampleTest@481a15ff]" name="loginTest" duration-ms="81676" started-at="2022-07-18T10:04:31 IST" finished-at="2022-07-18T10:05:53 IST">
          <exception class="java.lang.StackOverflowError">
            <full-stacktrace>
              <![CDATA[java.lang.StackOverflowError
at com.Trello.Utility.Listeners.onTestSuccess(Listeners.java:21)
at com.Trello.Utility.Listeners.onTestSuccess(Listeners.java:21)
at com.Trello.Utility.Listeners.onTestSuccess(Listeners.java:21)
at com.Trello.Utility.Listeners.onTestSuccess(Listeners.java:21)
at com.Trello.Utility.Listeners.onTestSuccess(Listeners.java:21)
at com.Trello.Utility.Listeners.onTestSuccess(Listeners.java:21)
at com.Trello.Utility.Listeners.onTestSuccess(Listeners.java:21)
at com.Trello.Utility.Listeners.onTestSuccess(Listeners.java:21)
at com.Trello.Utility.Listeners.onTestSuccess(Listeners.java:21)
at com.Trello.Utility.Listeners.onTestSuccess(Listeners.java:21)
at com.Trello.Utility.Listeners.onTestSuccess(Listeners.java:21)
at com.Trello.Utility.Listeners.onTestSuccess(Listeners.java:21)
at com.Trello.Utility.Listeners.onTestSuccess(Listeners.java:21)
at com.Trello.Utility.Listeners.onTestSuccess(Listeners.java:21)
at com.Trello.Utility.Listeners.onTestSuccess(Listeners.java:21)
at com.Trello.Utility.Listeners.onTestSuccess(Listeners.java:21)
at com.Trello.Utility.Listeners.onTestSuccess(Listeners.java:21)
at com.Trello.Utility.Listeners.onTestSuccess(Listeners.java:21)
at com.Trello.Utility.Listeners.onTestSuccess(Listeners.java:21)
at com.Trello.Utility.Listeners.onTestSuccess(Listeners.java:21)
at com.Trello.Utility.Listeners.onTestSuccess(Listeners.java:21)
at com.Trello.Utility.Listeners.onTestSuccess(Listeners.java:21)
at com.Trello.Utility.Listeners.onTestSuccess(Listeners.java:21)
at com.Trello.Utility.Listeners.onTestSuccess(Listeners.java:21)
at com.Trello.Utility.Listeners.onTestSuccess(Listeners.java:21)
at com.Trello.Utility.Listeners.onTestSuccess(Listeners.java:21)
at com.Trello.Utility.Listeners.onTestSuccess(Listeners.java:21)
at com.Trello.Utility.Listeners.onTestSuccess(Listeners.java:21)
at com.Trello.Utility.Listeners.onTestSuccess(Listeners.java:21)
at com.Trello.Utility.Listeners.onTestSuccess(Listeners.java:21)
at com.Trello.Utility.Listeners.onTestSuccess(Listeners.java:21)
at com.Trello.Utility.Listeners.onTestSuccess(Listeners.java:21)
at com.Trello.Utility.Listeners.onTestSuccess(Listeners.java:21)
at com.Trello.Utility.Listeners.onTestSuccess(Listeners.java:21)
at com.Trello.Utility.Listeners.onTestSuccess(Listeners.java:21)
at com.Trello.Utility.Listeners.onTestSuccess(Listeners.java:21)
at com.Trello.Utility.Listeners.onTestSuccess(Listeners.java:21)
at com.Trello.Utility.Listeners.onTestSuccess(Listeners.java:21)
at com.Trello.Utility.Listeners.onTestSuccess(Listeners.java:21)
at com.Trello.Utility.Listeners.onTestSuccess(Listeners.java:21)
at com.Trello.Utility.Listeners.onTestSuccess(Listeners.java:21)
at com.Trello.Utility.Listeners.onTestSuccess(Listeners.java:21)
at com.Trello.Utility.Listeners.onTestSuccess(Listeners.java:21)
at com.Trello.Utility.Listeners.onTestSuccess(Listeners.java:21)
at com.Trello.Utility.Listeners.onTestSuccess(Listeners.java:21)
at com.Trello.Utility.Listeners.onTestSuccess(Listeners.java:21)
at com.Trello.Utility.Listeners.onTestSuccess(Listeners.java:21)
at com.Trello.Utility.Listeners.onTestSuccess(Listeners.java:21)
at com.Trello.Utility.Listeners.onTestSuccess(Listeners.java:21)
at com.Trello.Utility.Listeners.onTestSuccess(Listeners.java:21)
at com.Trello.Utility.Listeners.onTestSuccess(Listeners.java:21)
at com.Trello.Utility.Listeners.onTestSuccess(Listeners.java:21)
at com.Trello.Utility.Listeners.onTestSuccess(Listeners.java:21)
at com.Trello.Utility.Listeners.onTestSuccess(Listeners.java:21)
at com.Trello.Utility.Listeners.onTestSuccess(Listeners.java:21)
at com.Trello.Utility.Listeners.onTestSuccess(Listeners.java:21)
at com.Trello.Utility.Listeners.onTestSuccess(Listeners.java:21)
at com.Trello.Utility.Listeners.onTestSuccess(Listeners.java:21)
at com.Trello.Utility.Listeners.onTestSuccess(Listeners.java:21)
at com.Trello.Utility.Listeners.onTestSuccess(Listeners.java:21)
at com.Trello.Utility.Listeners.onTestSuccess(Listeners.java:21)
at com.Trello.Utility.Listeners.onTestSuccess(Listeners.java:21)
at com.Trello.Utility.Listeners.onTestSuccess(Listeners.java:21)
at com.Trello.Utility.Listeners.onTestSuccess(Listeners.java:21)
at com.Trello.Utility.Listeners.onTestSuccess(Listeners.java:21)
at com.Trello.Utility.Listeners.onTestSuccess(Listeners.java:21)
at com.Trello.Utility.Listeners.onTestSuccess(Listeners.java:21)
at com.Trello.Utility.Listeners.onTestSuccess(Listeners.java:21)
at com.Trello.Utility.Listeners.onTestSuccess(Listeners.java:21)
at com.Trello.Utility.Listeners.onTestSuccess(Listeners.java:21)
at com.Trello.Utility.Listeners.onTestSuccess(Listeners.java:21)
at com.Trello.Utility.Listeners.onTestSuccess(Listeners.java:21)
at com.Trello.Utility.Listeners.onTestSuccess(Listeners.java:21)
at com.Trello.Utility.Listeners.onTestSuccess(Listeners.java:21)
at com.Trello.Utility.Listeners.onTestSuccess(Listeners.java:21)
at com.Trello.Utility.Listeners.onTestSuccess(Listeners.java:21)
at com.Trello.Utility.Listeners.onTestSuccess(Listeners.java:21)
at com.Trello.Utility.Listeners.onTestSuccess(Listeners.java:21)
at com.Trello.Utility.Listeners.onTestSuccess(Listeners.java:21)
at com.Trello.Utility.Listeners.onTestSuccess(Listeners.java:21)
at com.Trello.Utility.Listeners.onTestSuccess(Listeners.java:21)
at com.Trello.Utility.Listeners.onTestSuccess(Listeners.java:21)
at com.Trello.Utility.Listeners.onTestSuccess(Listeners.java:21)
at com.Trello.Utility.Listeners.onTestSuccess(Listeners.java:21)
at com.Trello.Utility.Listeners.onTestSuccess(Listeners.java:21)
at com.Trello.Utility.Listeners.onTestSuccess(Listeners.java:21)
at com.Trello.Utility.Listeners.onTestSuccess(Listeners.java:21)
at com.Trello.Utility.Listeners.onTestSuccess(Listeners.java:21)
at com.Trello.Utility.Listeners.onTestSuccess(Listeners.java:21)
at com.Trello.Utility.Listeners.onTestSuccess(Listeners.java:21)
at com.Trello.Utility.Listeners.onTestSuccess(Listeners.java:21)
at com.Trello.Utility.Listeners.onTestSuccess(Listeners.java:21)
at com.Trello.Utility.Listeners.onTestSuccess(Listeners.java:21)
at com.Trello.Utility.Listeners.onTestSuccess(Listeners.java:21)
at com.Trello.Utility.Listeners.onTestSuccess(Listeners.java:21)
at com.Trello.Utility.Listeners.onTestSuccess(Listeners.java:21)
at com.Trello.Utility.Listeners.onTestSuccess(Listeners.java:21)
at com.Trello.Utility.Listeners.onTestSuccess(Listeners.java:21)
at com.Trello.Utility.Listeners.onTestSuccess(Listeners.java:21)
at com.Trello.Utility.Listeners.onTestSuccess(Listeners.java:21)
at com.Trello.Utility.Listeners.onTestSuccess(Listeners.java:21)
at com.Trello.Utility.Listeners.onTestSuccess(Listeners.java:21)
at com.Trello.Utility.Listeners.onTestSuccess(Listeners.java:21)
at com.Trello.Utility.Listeners.onTestSuccess(Listeners.java:21)
at com.Trello.Utility.Listeners.onTestSuccess(Listeners.java:21)
at com.Trello.Utility.Listeners.onTestSuccess(Listeners.java:21)
at com.Trello.Utility.Listeners.onTestSuccess(Listeners.java:21)
at com.Trello.Utility.Listeners.onTestSuccess(Listeners.java:21)
at com.Trello.Utility.Listeners.onTestSuccess(Listeners.java:21)
at com.Trello.Utility.Listeners.onTestSuccess(Listeners.java:21)
at com.Trello.Utility.Listeners.onTestSuccess(Listeners.java:21)
at com.Trello.Utility.Listeners.onTestSuccess(Listeners.java:21)
at com.Trello.Utility.Listeners.onTestSuccess(Listeners.java:21)
at com.Trello.Utility.Listeners.onTestSuccess(Listeners.java:21)
at com.Trello.Utility.Listeners.onTestSuccess(Listeners.java:21)
at com.Trello.Utility.Listeners.onTestSuccess(Listeners.java:21)
at com.Trello.Utility.Listeners.onTestSuccess(Listeners.java:21)
at com.Trello.Utility.Listeners.onTestSuccess(Listeners.java:21)
at com.Trello.Utility.Listeners.onTestSuccess(Listeners.java:21)
at com.Trello.Utility.Listeners.onTestSuccess(Listeners.java:21)
at com.Trello.Utility.Listeners.onTestSuccess(Listeners.java:21)
at com.Trello.Utility.Listeners.onTestSuccess(Listeners.java:21)
at com.Trello.Utility.Listeners.onTestSuccess(Listeners.java:21)
at com.Trello.Utility.Listeners.onTestSuccess(Listeners.java:21)
at com.Trello.Utility.Listeners.onTestSuccess(Listeners.java:21)
at com.Trello.Utility.Listeners.onTestSuccess(Listeners.java:21)
at com.Trello.Utility.Listeners.onTestSuccess(Listeners.java:21)
at com.Trello.Utility.Listeners.onTestSuccess(Listeners.java:21)
at com.Trello.Utility.Listeners.onTestSuccess(Listeners.java:21)
at com.Trello.Utility.Listeners.onTestSuccess(Listeners.java:21)
at com.Trello.Utility.Listeners.onTestSuccess(Listeners.java:21)
at com.Trello.Utility.Listeners.onTestSuccess(Listeners.java:21)
at com.Trello.Utility.Listeners.onTestSuccess(Listeners.java:21)
at com.Trello.Utility.Listeners.onTestSuccess(Listeners.java:21)
at com.Trello.Utility.Listeners.onTestSuccess(Listeners.java:21)
at com.Trello.Utility.Listeners.onTestSuccess(Listeners.java:21)
at com.Trello.Utility.Listeners.onTestSuccess(Listeners.java:21)
at com.Trello.Utility.Listeners.onTestSuccess(Listeners.java:21)
at com.Trello.Utility.Listeners.onTestSuccess(Listeners.java:21)
at com.Trello.Utility.Listeners.onTestSuccess(Listeners.java:21)
at com.Trello.Utility.Listeners.onTestSuccess(Listeners.java:21)
at com.Trello.Utility.Listeners.onTestSuccess(Listeners.java:21)
at com.Trello.Utility.Listeners.onTestSuccess(Listeners.java:21)
at com.Trello.Utility.Listeners.onTestSuccess(Listeners.java:21)
at com.Trello.Utility.Listeners.onTestSuccess(Listeners.java:21)
at com.Trello.Utility.Listeners.onTestSuccess(Listeners.java:21)
at com.Trello.Utility.Listeners.onTestSuccess(Listeners.java:21)
at com.Trello.Utility.Listeners.onTestSuccess(Listeners.java:21)
at com.Trello.Utility.Listeners.onTestSuccess(Listeners.java:21)
at com.Trello.Utility.Listeners.onTestSuccess(Listeners.java:21)
at com.Trello.Utility.Listeners.onTestSuccess(Listeners.java:21)
at com.Trello.Utility.Listeners.onTestSuccess(Listeners.java:21)
at com.Trello.Utility.Listeners.onTestSuccess(Listeners.java:21)
at com.Trello.Utility.Listeners.onTestSuccess(Listeners.java:21)
at com.Trello.Utility.Listeners.onTestSuccess(Listeners.java:21)
at com.Trello.Utility.Listeners.onTestSuccess(Listeners.java:21)
at com.Trello.Utility.Listeners.onTestSuccess(Listeners.java:21)
at com.Trello.Utility.Listeners.onTestSuccess(Listeners.java:21)
at com.Trello.Utility.Listeners.onTestSuccess(Listeners.java:21)
at com.Trello.Utility.Listeners.onTestSuccess(Listeners.java:21)
at com.Trello.Utility.Listeners.onTestSuccess(Listeners.java:21)
at com.Trello.Utility.Listeners.onTestSuccess(Listeners.java:21)
at com.Trello.Utility.Listeners.onTestSuccess(Listeners.java:21)
at com.Trello.Utility.Listeners.onTestSuccess(Listeners.java:21)
at com.Trello.Utility.Listeners.onTestSuccess(Listeners.java:21)
at com.Trello.Utility.Listeners.onTestSuccess(Listeners.java:21)
at com.Trello.Utility.Listeners.onTestSuccess(Listeners.java:21)
at com.Trello.Utility.Listeners.onTestSuccess(Listeners.java:21)
at com.Trello.Utility.Listeners.onTestSuccess(Listeners.java:21)
at com.Trello.Utility.Listeners.onTestSuccess(Listeners.java:21)
at com.Trello.Utility.Listeners.onTestSuccess(Listeners.java:21)
at com.Trello.Utility.Listeners.onTestSuccess(Listeners.java:21)
at com.Trello.Utility.Listeners.onTestSuccess(Listeners.java:21)
at com.Trello.Utility.Listeners.onTestSuccess(Listeners.java:21)
at com.Trello.Utility.Listeners.onTestSuccess(Listeners.java:21)
at com.Trello.Utility.Listeners.onTestSuccess(Listeners.java:21)
at com.Trello.Utility.Listeners.onTestSuccess(Listeners.java:21)
at com.Trello.Utility.Listeners.onTestSuccess(Listeners.java:21)
at com.Trello.Utility.Listeners.onTestSuccess(Listeners.java:21)
at com.Trello.Utility.Listeners.onTestSuccess(Listeners.java:21)
at com.Trello.Utility.Listeners.onTestSuccess(Listeners.java:21)
at com.Trello.Utility.Listeners.onTestSuccess(Listeners.java:21)
at com.Trello.Utility.Listeners.onTestSuccess(Listeners.java:21)
at com.Trello.Utility.Listeners.onTestSuccess(Listeners.java:21)
at com.Trello.Utility.Listeners.onTestSuccess(Listeners.java:21)
at com.Trello.Utility.Listeners.onTestSuccess(Listeners.java:21)
at com.Trello.Utility.Listeners.onTestSuccess(Listeners.java:21)
at com.Trello.Utility.Listeners.onTestSuccess(Listeners.java:21)
at com.Trello.Utility.Listeners.onTestSuccess(Listeners.java:21)
at com.Trello.Utility.Listeners.onTestSuccess(Listeners.java:21)
at com.Trello.Utility.Listeners.onTestSuccess(Listeners.java:21)
at com.Trello.Utility.Listeners.onTestSuccess(Listeners.java:21)
at com.Trello.Utility.Listeners.onTestSuccess(Listeners.java:21)
at com.Trello.Utility.Listeners.onTestSuccess(Listeners.java:21)
at com.Trello.Utility.Listeners.onTestSuccess(Listeners.java:21)
at com.Trello.Utility.Listeners.onTestSuccess(Listeners.java:21)
at com.Trello.Utility.Listeners.onTestSuccess(Listeners.java:21)
at com.Trello.Utility.Listeners.onTestSuccess(Listeners.java:21)
at com.Trello.Utility.Listeners.onTestSuccess(Listeners.java:21)
at com.Trello.Utility.Listeners.onTestSuccess(Listeners.java:21)
at com.Trello.Utility.Listeners.onTestSuccess(Listeners.java:21)
at com.Trello.Utility.Listeners.onTestSuccess(Listeners.java:21)
at com.Trello.Utility.Listeners.onTestSuccess(Listeners.java:21)
at com.Trello.Utility.Listeners.onTestSuccess(Listeners.java:21)
at com.Trello.Utility.Listeners.onTestSuccess(Listeners.java:21)
at com.Trello.Utility.Listeners.onTestSuccess(Listeners.java:21)
at com.Trello.Utility.Listeners.onTestSuccess(Listeners.java:21)
at com.Trello.Utility.Listeners.onTestSuccess(Listeners.java:21)
at com.Trello.Utility.Listeners.onTestSuccess(Listeners.java:21)
at com.Trello.Utility.Listeners.onTestSuccess(Listeners.java:21)
at com.Trello.Utility.Listeners.onTestSuccess(Listeners.java:21)
at com.Trello.Utility.Listeners.onTestSuccess(Listeners.java:21)
at com.Trello.Utility.Listeners.onTestSuccess(Listeners.java:21)
at com.Trello.Utility.Listeners.onTestSuccess(Listeners.java:21)
at com.Trello.Utility.Listeners.onTestSuccess(Listeners.java:21)
at com.Trello.Utility.Listeners.onTestSuccess(Listeners.java:21)
at com.Trello.Utility.Listeners.onTestSuccess(Listeners.java:21)
at com.Trello.Utility.Listeners.onTestSuccess(Listeners.java:21)
at com.Trello.Utility.Listeners.onTestSuccess(Listeners.java:21)
at com.Trello.Utility.Listeners.onTestSuccess(Listeners.java:21)
at com.Trello.Utility.Listeners.onTestSuccess(Listeners.java:21)
at com.Trello.Utility.Listeners.onTestSuccess(Listeners.java:21)
at com.Trello.Utility.Listeners.onTestSuccess(Listeners.java:21)
at com.Trello.Utility.Listeners.onTestSuccess(Listeners.java:21)
at com.Trello.Utility.Listeners.onTestSuccess(Listeners.java:21)
at com.Trello.Utility.Listeners.onTestSuccess(Listeners.java:21)
at com.Trello.Utility.Listeners.onTestSuccess(Listeners.java:21)
at com.Trello.Utility.Listeners.onTestSuccess(Listeners.java:21)
at com.Trello.Utility.Listeners.onTestSuccess(Listeners.java:21)
at com.Trello.Utility.Listeners.onTestSuccess(Listeners.java:21)
at com.Trello.Utility.Listeners.onTestSuccess(Listeners.java:21)
at com.Trello.Utility.Listeners.onTestSuccess(Listeners.java:21)
at com.Trello.Utility.Listeners.onTestSuccess(Listeners.java:21)
at com.Trello.Utility.Listeners.onTestSuccess(Listeners.java:21)
at com.Trello.Utility.Listeners.onTestSuccess(Listeners.java:21)
at com.Trello.Utility.Listeners.onTestSuccess(Listeners.java:21)
at com.Trello.Utility.Listeners.onTestSuccess(Listeners.java:21)
at com.Trello.Utility.Listeners.onTestSuccess(Listeners.java:21)
at com.Trello.Utility.Listeners.onTestSuccess(Listeners.java:21)
at com.Trello.Utility.Listeners.onTestSuccess(Listeners.java:21)
at com.Trello.Utility.Listeners.onTestSuccess(Listeners.java:21)
at com.Trello.Utility.Listeners.onTestSuccess(Listeners.java:21)
at com.Trello.Utility.Listeners.onTestSuccess(Listeners.java:21)
at com.Trello.Utility.Listeners.onTestSuccess(Listeners.java:21)
at com.Trello.Utility.Listeners.onTestSuccess(Listeners.java:21)
at com.Trello.Utility.Listeners.onTestSuccess(Listeners.java:21)
at com.Trello.Utility.Listeners.onTestSuccess(Listeners.java:21)
at com.Trello.Utility.Listeners.onTestSuccess(Listeners.java:21)
at com.Trello.Utility.Listeners.onTestSuccess(Listeners.java:21)
at com.Trello.Utility.Listeners.onTestSuccess(Listeners.java:21)
at com.Trello.Utility.Listeners.onTestSuccess(Listeners.java:21)
at com.Trello.Utility.Listeners.onTestSuccess(Listeners.java:21)
at com.Trello.Utility.Listeners.onTestSuccess(Listeners.java:21)
at com.Trello.Utility.Listeners.onTestSuccess(Listeners.java:21)
at com.Trello.Utility.Listeners.onTestSuccess(Listeners.java:21)
at com.Trello.Utility.Listeners.onTestSuccess(Listeners.java:21)
at com.Trello.Utility.Listeners.onTestSuccess(Listeners.java:21)
at com.Trello.Utility.Listeners.onTestSuccess(Listeners.java:21)
at com.Trello.Utility.Listeners.onTestSuccess(Listeners.java:21)
at com.Trello.Utility.Listeners.onTestSuccess(Listeners.java:21)
at com.Trello.Utility.Listeners.onTestSuccess(Listeners.java:21)
at com.Trello.Utility.Listeners.onTestSuccess(Listeners.java:21)
at com.Trello.Utility.Listeners.onTestSuccess(Listeners.java:21)
at com.Trello.Utility.Listeners.onTestSuccess(Listeners.java:21)
at com.Trello.Utility.Listeners.onTestSuccess(Listeners.java:21)
at com.Trello.Utility.Listeners.onTestSuccess(Listeners.java:21)
at com.Trello.Utility.Listeners.onTestSuccess(Listeners.java:21)
at com.Trello.Utility.Listeners.onTestSuccess(Listeners.java:21)
at com.Trello.Utility.Listeners.onTestSuccess(Listeners.java:21)
at com.Trello.Utility.Listeners.onTestSuccess(Listeners.java:21)
at com.Trello.Utility.Listeners.onTestSuccess(Listeners.java:21)
at com.Trello.Utility.Listeners.onTestSuccess(Listeners.java:21)
at com.Trello.Utility.Listeners.onTestSuccess(Listeners.java:21)
at com.Trello.Utility.Listeners.onTestSuccess(Listeners.java:21)
at com.Trello.Utility.Listeners.onTestSuccess(Listeners.java:21)
at com.Trello.Utility.Listeners.onTestSuccess(Listeners.java:21)
at com.Trello.Utility.Listeners.onTestSuccess(Listeners.java:21)
at com.Trello.Utility.Listeners.onTestSuccess(Listeners.java:21)
at com.Trello.Utility.Listeners.onTestSuccess(Listeners.java:21)
at com.Trello.Utility.Listeners.onTestSuccess(Listeners.java:21)
at com.Trello.Utility.Listeners.onTestSuccess(Listeners.java:21)
at com.Trello.Utility.Listeners.onTestSuccess(Listeners.java:21)
at com.Trello.Utility.Listeners.onTestSuccess(Listeners.java:21)
at com.Trello.Utility.Listeners.onTestSuccess(Listeners.java:21)
at com.Trello.Utility.Listeners.onTestSuccess(Listeners.java:21)
at com.Trello.Utility.Listeners.onTestSuccess(Listeners.java:21)
at com.Trello.Utility.Listeners.onTestSuccess(Listeners.java:21)
at com.Trello.Utility.Listeners.onTestSuccess(Listeners.java:21)
at com.Trello.Utility.Listeners.onTestSuccess(Listeners.java:21)
at com.Trello.Utility.Listeners.onTestSuccess(Listeners.java:21)
at com.Trello.Utility.Listeners.onTestSuccess(Listeners.java:21)
at com.Trello.Utility.Listeners.onTestSuccess(Listeners.java:21)
at com.Trello.Utility.Listeners.onTestSuccess(Listeners.java:21)
at com.Trello.Utility.Listeners.onTestSuccess(Listeners.java:21)
at com.Trello.Utility.Listeners.onTestSuccess(Listeners.java:21)
at com.Trello.Utility.Listeners.onTestSuccess(Listeners.java:21)
at com.Trello.Utility.Listeners.onTestSuccess(Listeners.java:21)
at com.Trello.Utility.Listeners.onTestSuccess(Listeners.java:21)
at com.Trello.Utility.Listeners.onTestSuccess(Listeners.java:21)
at com.Trello.Utility.Listeners.onTestSuccess(Listeners.java:21)
at com.Trello.Utility.Listeners.onTestSuccess(Listeners.java:21)
at com.Trello.Utility.Listeners.onTestSuccess(Listeners.java:21)
at com.Trello.Utility.Listeners.onTestSuccess(Listeners.java:21)
at com.Trello.Utility.Listeners.onTestSuccess(Listeners.java:21)
at com.Trello.Utility.Listeners.onTestSuccess(Listeners.java:21)
at com.Trello.Utility.Listeners.onTestSuccess(Listeners.java:21)
at com.Trello.Utility.Listeners.onTestSuccess(Listeners.java:21)
at com.Trello.Utility.Listeners.onTestSuccess(Listeners.java:21)
at com.Trello.Utility.Listeners.onTestSuccess(Listeners.java:21)
at com.Trello.Utility.Listeners.onTestSuccess(Listeners.java:21)
at com.Trello.Utility.Listeners.onTestSuccess(Listeners.java:21)
at com.Trello.Utility.Listeners.onTestSuccess(Listeners.java:21)
at com.Trello.Utility.Listeners.onTestSuccess(Listeners.java:21)
at com.Trello.Utility.Listeners.onTestSuccess(Listeners.java:21)
at com.Trello.Utility.Listeners.onTestSuccess(Listeners.java:21)
at com.Trello.Utility.Listeners.onTestSuccess(Listeners.java:21)
at com.Trello.Utility.Listeners.onTestSuccess(Listeners.java:21)
at com.Trello.Utility.Listeners.onTestSuccess(Listeners.java:21)
at com.Trello.Utility.Listeners.onTestSuccess(Listeners.java:21)
at com.Trello.Utility.Listeners.onTestSuccess(Listeners.java:21)
at com.Trello.Utility.Listeners.onTestSuccess(Listeners.java:21)
at com.Trello.Utility.Listeners.onTestSuccess(Listeners.java:21)
at com.Trello.Utility.Listeners.onTestSuccess(Listeners.java:21)
at com.Trello.Utility.Listeners.onTestSuccess(Listeners.java:21)
at com.Trello.Utility.Listeners.onTestSuccess(Listeners.java:21)
at com.Trello.Utility.Listeners.onTestSuccess(Listeners.java:21)
at com.Trello.Utility.Listeners.onTestSuccess(Listeners.java:21)
at com.Trello.Utility.Listeners.onTestSuccess(Listeners.java:21)
at com.Trello.Utility.Listeners.onTestSuccess(Listeners.java:21)
at com.Trello.Utility.Listeners.onTestSuccess(Listeners.java:21)
at com.Trello.Utility.Listeners.onTestSuccess(Listeners.java:21)
at com.Trello.Utility.Listeners.onTestSuccess(Listeners.java:21)
at com.Trello.Utility.Listeners.onTestSuccess(Listeners.java:21)
at com.Trello.Utility.Listeners.onTestSuccess(Listeners.java:21)
at com.Trello.Utility.Listeners.onTestSuccess(Listeners.java:21)
at com.Trello.Utility.Listeners.onTestSuccess(Listeners.java:21)
at com.Trello.Utility.Listeners.onTestSuccess(Listeners.java:21)
at com.Trello.Utility.Listeners.onTestSuccess(Listeners.java:21)
at com.Trello.Utility.Listeners.onTestSuccess(Listeners.java:21)
at com.Trello.Utility.Listeners.onTestSuccess(Listeners.java:21)
at com.Trello.Utility.Listeners.onTestSuccess(Listeners.java:21)
at com.Trello.Utility.Listeners.onTestSuccess(Listeners.java:21)
at com.Trello.Utility.Listeners.onTestSuccess(Listeners.java:21)
at com.Trello.Utility.Listeners.onTestSuccess(Listeners.java:21)
at com.Trello.Utility.Listeners.onTestSuccess(Listeners.java:21)
at com.Trello.Utility.Listeners.onTestSuccess(Listeners.java:21)
at com.Trello.Utility.Listeners.onTestSuccess(Listeners.java:21)
at com.Trello.Utility.Listeners.onTestSuccess(Listeners.java:21)
at com.Trello.Utility.Listeners.onTestSuccess(Listeners.java:21)
at com.Trello.Utility.Listeners.onTestSuccess(Listeners.java:21)
at com.Trello.Utility.Listeners.onTestSuccess(Listeners.java:21)
at com.Trello.Utility.Listeners.onTestSuccess(Listeners.java:21)
at com.Trello.Utility.Listeners.onTestSuccess(Listeners.java:21)
at com.Trello.Utility.Listeners.onTestSuccess(Listeners.java:21)
at com.Trello.Utility.Listeners.onTestSuccess(Listeners.java:21)
at com.Trello.Utility.Listeners.onTestSuccess(Listeners.java:21)
at com.Trello.Utility.Listeners.onTestSuccess(Listeners.java:21)
at com.Trello.Utility.Listeners.onTestSuccess(Listeners.java:21)
at com.Trello.Utility.Listeners.onTestSuccess(Listeners.java:21)
at com.Trello.Utility.Listeners.onTestSuccess(Listeners.java:21)
at com.Trello.Utility.Listeners.onTestSuccess(Listeners.java:21)
at com.Trello.Utility.Listeners.onTestSuccess(Listeners.java:21)
at com.Trello.Utility.Listeners.onTestSuccess(Listeners.java:21)
at com.Trello.Utility.Listeners.onTestSuccess(Listeners.java:21)
at com.Trello.Utility.Listeners.onTestSuccess(Listeners.java:21)
at com.Trello.Utility.Listeners.onTestSuccess(Listeners.java:21)
at com.Trello.Utility.Listeners.onTestSuccess(Listeners.java:21)
at com.Trello.Utility.Listeners.onTestSuccess(Listeners.java:21)
at com.Trello.Utility.Listeners.onTestSuccess(Listeners.java:21)
at com.Trello.Utility.Listeners.onTestSuccess(Listeners.java:21)
at com.Trello.Utility.Listeners.onTestSuccess(Listeners.java:21)
at com.Trello.Utility.Listeners.onTestSuccess(Listeners.java:21)
at com.Trello.Utility.Listeners.onTestSuccess(Listeners.java:21)
at com.Trello.Utility.Listeners.onTestSuccess(Listeners.java:21)
at com.Trello.Utility.Listeners.onTestSuccess(Listeners.java:21)
at com.Trello.Utility.Listeners.onTestSuccess(Listeners.java:21)
at com.Trello.Utility.Listeners.onTestSuccess(Listeners.java:21)
at com.Trello.Utility.Listeners.onTestSuccess(Listeners.java:21)
at com.Trello.Utility.Listeners.onTestSuccess(Listeners.java:21)
at com.Trello.Utility.Listeners.onTestSuccess(Listeners.java:21)
at com.Trello.Utility.Listeners.onTestSuccess(Listeners.java:21)
at com.Trello.Utility.Listeners.onTestSuccess(Listeners.java:21)
at com.Trello.Utility.Listeners.onTestSuccess(Listeners.java:21)
at com.Trello.Utility.Listeners.onTestSuccess(Listeners.java:21)
at com.Trello.Utility.Listeners.onTestSuccess(Listeners.java:21)
at com.Trello.Utility.Listeners.onTestSuccess(Listeners.java:21)
at com.Trello.Utility.Listeners.onTestSuccess(Listeners.java:21)
at com.Trello.Utility.Listeners.onTestSuccess(Listeners.java:21)
at com.Trello.Utility.Listeners.onTestSuccess(Listeners.java:21)
at com.Trello.Utility.Listeners.onTestSuccess(Listeners.java:21)
at com.Trello.Utility.Listeners.onTestSuccess(Listeners.java:21)
at com.Trello.Utility.Listeners.onTestSuccess(Listeners.java:21)
at com.Trello.Utility.Listeners.onTestSuccess(Listeners.java:21)
at com.Trello.Utility.Listeners.onTestSuccess(Listeners.java:21)
at com.Trello.Utility.Listeners.onTestSuccess(Listeners.java:21)
at com.Trello.Utility.Listeners.onTestSuccess(Listeners.java:21)
at com.Trello.Utility.Listeners.onTestSuccess(Listeners.java:21)
at com.Trello.Utility.Listeners.onTestSuccess(Listeners.java:21)
at com.Trello.Utility.Listeners.onTestSuccess(Listeners.java:21)
at com.Trello.Utility.Listeners.onTestSuccess(Listeners.java:21)
at com.Trello.Utility.Listeners.onTestSuccess(Listeners.java:21)
at com.Trello.Utility.Listeners.onTestSuccess(Listeners.java:21)
at com.Trello.Utility.Listeners.onTestSuccess(Listeners.java:21)
at com.Trello.Utility.Listeners.onTestSuccess(Listeners.java:21)
at com.Trello.Utility.Listeners.onTestSuccess(Listeners.java:21)
at com.Trello.Utility.Listeners.onTestSuccess(Listeners.java:21)
at com.Trello.Utility.Listeners.onTestSuccess(Listeners.java:21)
at com.Trello.Utility.Listeners.onTestSuccess(Listeners.java:21)
at com.Trello.Utility.Listeners.onTestSuccess(Listeners.java:21)
at com.Trello.Utility.Listeners.onTestSuccess(Listeners.java:21)
at com.Trello.Utility.Listeners.onTestSuccess(Listeners.java:21)
at com.Trello.Utility.Listeners.onTestSuccess(Listeners.java:21)
at com.Trello.Utility.Listeners.onTestSuccess(Listeners.java:21)
at com.Trello.Utility.Listeners.onTestSuccess(Listeners.java:21)
at com.Trello.Utility.Listeners.onTestSuccess(Listeners.java:21)
at com.Trello.Utility.Listeners.onTestSuccess(Listeners.java:21)
at com.Trello.Utility.Listeners.onTestSuccess(Listeners.java:21)
at com.Trello.Utility.Listeners.onTestSuccess(Listeners.java:21)
at com.Trello.Utility.Listeners.onTestSuccess(Listeners.java:21)
at com.Trello.Utility.Listeners.onTestSuccess(Listeners.java:21)
at com.Trello.Utility.Listeners.onTestSuccess(Listeners.java:21)
at com.Trello.Utility.Listeners.onTestSuccess(Listeners.java:21)
at com.Trello.Utility.Listeners.onTestSuccess(Listeners.java:21)
at com.Trello.Utility.Listeners.onTestSuccess(Listeners.java:21)
at com.Trello.Utility.Listeners.onTestSuccess(Listeners.java:21)
at com.Trello.Utility.Listeners.onTestSuccess(Listeners.java:21)
at com.Trello.Utility.Listeners.onTestSuccess(Listeners.java:21)
at com.Trello.Utility.Listeners.onTestSuccess(Listeners.java:21)
at com.Trello.Utility.Listeners.onTestSuccess(Listeners.java:21)
at com.Trello.Utility.Listeners.onTestSuccess(Listeners.java:21)
at com.Trello.Utility.Listeners.onTestSuccess(Listeners.java:21)
at com.Trello.Utility.Listeners.onTestSuccess(Listeners.java:21)
at com.Trello.Utility.Listeners.onTestSuccess(Listeners.java:21)
at com.Trello.Utility.Listeners.onTestSuccess(Listeners.java:21)
at com.Trello.Utility.Listeners.onTestSuccess(Listeners.java:21)
at com.Trello.Utility.Listeners.onTestSuccess(Listeners.java:21)
at com.Trello.Utility.Listeners.onTestSuccess(Listeners.java:21)
at com.Trello.Utility.Listeners.onTestSuccess(Listeners.java:21)
at com.Trello.Utility.Listeners.onTestSuccess(Listeners.java:21)
at com.Trello.Utility.Listeners.onTestSuccess(Listeners.java:21)
at com.Trello.Utility.Listeners.onTestSuccess(Listeners.java:21)
at com.Trello.Utility.Listeners.onTestSuccess(Listeners.java:21)
at com.Trello.Utility.Listeners.onTestSuccess(Listeners.java:21)
at com.Trello.Utility.Listeners.onTestSuccess(Listeners.java:21)
at com.Trello.Utility.Listeners.onTestSuccess(Listeners.java:21)
at com.Trello.Utility.Listeners.onTestSuccess(Listeners.java:21)
at com.Trello.Utility.Listeners.onTestSuccess(Listeners.java:21)
at com.Trello.Utility.Listeners.onTestSuccess(Listeners.java:21)
at com.Trello.Utility.Listeners.onTestSuccess(Listeners.java:21)
at com.Trello.Utility.Listeners.onTestSuccess(Listeners.java:21)
at com.Trello.Utility.Listeners.onTestSuccess(Listeners.java:21)
at com.Trello.Utility.Listeners.onTestSuccess(Listeners.java:21)
at com.Trello.Utility.Listeners.onTestSuccess(Listeners.java:21)
at com.Trello.Utility.Listeners.onTestSuccess(Listeners.java:21)
at com.Trello.Utility.Listeners.onTestSuccess(Listeners.java:21)
at com.Trello.Utility.Listeners.onTestSuccess(Listeners.java:21)
at com.Trello.Utility.Listeners.onTestSuccess(Listeners.java:21)
at com.Trello.Utility.Listeners.onTestSuccess(Listeners.java:21)
at com.Trello.Utility.Listeners.onTestSuccess(Listeners.java:21)
at com.Trello.Utility.Listeners.onTestSuccess(Listeners.java:21)
at com.Trello.Utility.Listeners.onTestSuccess(Listeners.java:21)
at com.Trello.Utility.Listeners.onTestSuccess(Listeners.java:21)
at com.Trello.Utility.Listeners.onTestSuccess(Listeners.java:21)
at com.Trello.Utility.Listeners.onTestSuccess(Listeners.java:21)
at com.Trello.Utility.Listeners.onTestSuccess(Listeners.java:21)
at com.Trello.Utility.Listeners.onTestSuccess(Listeners.java:21)
at com.Trello.Utility.Listeners.onTestSuccess(Listeners.java:21)
at com.Trello.Utility.Listeners.onTestSuccess(Listeners.java:21)
at com.Trello.Utility.Listeners.onTestSuccess(Listeners.java:21)
at com.Trello.Utility.Listeners.onTestSuccess(Listeners.java:21)
at com.Trello.Utility.Listeners.onTestSuccess(Listeners.java:21)
at com.Trello.Utility.Listeners.onTestSuccess(Listeners.java:21)
at com.Trello.Utility.Listeners.onTestSuccess(Listeners.java:21)
at com.Trello.Utility.Listeners.onTestSuccess(Listeners.java:21)
at com.Trello.Utility.Listeners.onTestSuccess(Listeners.java:21)
at com.Trello.Utility.Listeners.onTestSuccess(Listeners.java:21)
at com.Trello.Utility.Listeners.onTestSuccess(Listeners.java:21)
at com.Trello.Utility.Listeners.onTestSuccess(Listeners.java:21)
at com.Trello.Utility.Listeners.onTestSuccess(Listeners.java:21)
at com.Trello.Utility.Listeners.onTestSuccess(Listeners.java:21)
at com.Trello.Utility.Listeners.onTestSuccess(Listeners.java:21)
at com.Trello.Utility.Listeners.onTestSuccess(Listeners.java:21)
at com.Trello.Utility.Listeners.onTestSuccess(Listeners.java:21)
at com.Trello.Utility.Listeners.onTestSuccess(Listeners.java:21)
at com.Trello.Utility.Listeners.onTestSuccess(Listeners.java:21)
at com.Trello.Utility.Listeners.onTestSuccess(Listeners.java:21)
at com.Trello.Utility.Listeners.onTestSuccess(Listeners.java:21)
at com.Trello.Utility.Listeners.onTestSuccess(Listeners.java:21)
at com.Trello.Utility.Listeners.onTestSuccess(Listeners.java:21)
at com.Trello.Utility.Listeners.onTestSuccess(Listeners.java:21)
at com.Trello.Utility.Listeners.onTestSuccess(Listeners.java:21)
at com.Trello.Utility.Listeners.onTestSuccess(Listeners.java:21)
at com.Trello.Utility.Listeners.onTestSuccess(Listeners.java:21)
at com.Trello.Utility.Listeners.onTestSuccess(Listeners.java:21)
at com.Trello.Utility.Listeners.onTestSuccess(Listeners.java:21)
at com.Trello.Utility.Listeners.onTestSuccess(Listeners.java:21)
at com.Trello.Utility.Listeners.onTestSuccess(Listeners.java:21)
at com.Trello.Utility.Listeners.onTestSuccess(Listeners.java:21)
at com.Trello.Utility.Listeners.onTestSuccess(Listeners.java:21)
at com.Trello.Utility.Listeners.onTestSuccess(Listeners.java:21)
at com.Trello.Utility.Listeners.onTestSuccess(Listeners.java:21)
at com.Trello.Utility.Listeners.onTestSuccess(Listeners.java:21)
at com.Trello.Utility.Listeners.onTestSuccess(Listeners.java:21)
at com.Trello.Utility.Listeners.onTestSuccess(Listeners.java:21)
at com.Trello.Utility.Listeners.onTestSuccess(Listeners.java:21)
at com.Trello.Utility.Listeners.onTestSuccess(Listeners.java:21)
at com.Trello.Utility.Listeners.onTestSuccess(Listeners.java:21)
at com.Trello.Utility.Listeners.onTestSuccess(Listeners.java:21)
at com.Trello.Utility.Listeners.onTestSuccess(Listeners.java:21)
at com.Trello.Utility.Listeners.onTestSuccess(Listeners.java:21)
at com.Trello.Utility.Listeners.onTestSuccess(Listeners.java:21)
at com.Trello.Utility.Listeners.onTestSuccess(Listeners.java:21)
at com.Trello.Utility.Listeners.onTestSuccess(Listeners.java:21)
at com.Trello.Utility.Listeners.onTestSuccess(Listeners.java:21)
at com.Trello.Utility.Listeners.onTestSuccess(Listeners.java:21)
at com.Trello.Utility.Listeners.onTestSuccess(Listeners.java:21)
at com.Trello.Utility.Listeners.onTestSuccess(Listeners.java:21)
at com.Trello.Utility.Listeners.onTestSuccess(Listeners.java:21)
at com.Trello.Utility.Listeners.onTestSuccess(Listeners.java:21)
at com.Trello.Utility.Listeners.onTestSuccess(Listeners.java:21)
at com.Trello.Utility.Listeners.onTestSuccess(Listeners.java:21)
at com.Trello.Utility.Listeners.onTestSuccess(Listeners.java:21)
at com.Trello.Utility.Listeners.onTestSuccess(Listeners.java:21)
at com.Trello.Utility.Listeners.onTestSuccess(Listeners.java:21)
at com.Trello.Utility.Listeners.onTestSuccess(Listeners.java:21)
at com.Trello.Utility.Listeners.onTestSuccess(Listeners.java:21)
at com.Trello.Utility.Listeners.onTestSuccess(Listeners.java:21)
at com.Trello.Utility.Listeners.onTestSuccess(Listeners.java:21)
at com.Trello.Utility.Listeners.onTestSuccess(Listeners.java:21)
at com.Trello.Utility.Listeners.onTestSuccess(Listeners.java:21)
at com.Trello.Utility.Listeners.onTestSuccess(Listeners.java:21)
at com.Trello.Utility.Listeners.onTestSuccess(Listeners.java:21)
at com.Trello.Utility.Listeners.onTestSuccess(Listeners.java:21)
at com.Trello.Utility.Listeners.onTestSuccess(Listeners.java:21)
at com.Trello.Utility.Listeners.onTestSuccess(Listeners.java:21)
at com.Trello.Utility.Listeners.onTestSuccess(Listeners.java:21)
at com.Trello.Utility.Listeners.onTestSuccess(Listeners.java:21)
at com.Trello.Utility.Listeners.onTestSuccess(Listeners.java:21)
at com.Trello.Utility.Listeners.onTestSuccess(Listeners.java:21)
at com.Trello.Utility.Listeners.onTestSuccess(Listeners.java:21)
at com.Trello.Utility.Listeners.onTestSuccess(Listeners.java:21)
at com.Trello.Utility.Listeners.onTestSuccess(Listeners.java:21)
at com.Trello.Utility.Listeners.onTestSuccess(Listeners.java:21)
at com.Trello.Utility.Listeners.onTestSuccess(Listeners.java:21)
at com.Trello.Utility.Listeners.onTestSuccess(Listeners.java:21)
at com.Trello.Utility.Listeners.onTestSuccess(Listeners.java:21)
at com.Trello.Utility.Listeners.onTestSuccess(Listeners.java:21)
at com.Trello.Utility.Listeners.onTestSuccess(Listeners.java:21)
at com.Trello.Utility.Listeners.onTestSuccess(Listeners.java:21)
at com.Trello.Utility.Listeners.onTestSuccess(Listeners.java:21)
at com.Trello.Utility.Listeners.onTestSuccess(Listeners.java:21)
at com.Trello.Utility.Listeners.onTestSuccess(Listeners.java:21)
at com.Trello.Utility.Listeners.onTestSuccess(Listeners.java:21)
at com.Trello.Utility.Listeners.onTestSuccess(Listeners.java:21)
at com.Trello.Utility.Listeners.onTestSuccess(Listeners.java:21)
at com.Trello.Utility.Listeners.onTestSuccess(Listeners.java:21)
at com.Trello.Utility.Listeners.onTestSuccess(Listeners.java:21)
at com.Trello.Utility.Listeners.onTestSuccess(Listeners.java:21)
at com.Trello.Utility.Listeners.onTestSuccess(Listeners.java:21)
at com.Trello.Utility.Listeners.onTestSuccess(Listeners.java:21)
at com.Trello.Utility.Listeners.onTestSuccess(Listeners.java:21)
at com.Trello.Utility.Listeners.onTestSuccess(Listeners.java:21)
at com.Trello.Utility.Listeners.onTestSuccess(Listeners.java:21)
at com.Trello.Utility.Listeners.onTestSuccess(Listeners.java:21)
at com.Trello.Utility.Listeners.onTestSuccess(Listeners.java:21)
at com.Trello.Utility.Listeners.onTestSuccess(Listeners.java:21)
at com.Trello.Utility.Listeners.onTestSuccess(Listeners.java:21)
at com.Trello.Utility.Listeners.onTestSuccess(Listeners.java:21)
at com.Trello.Utility.Listeners.onTestSuccess(Listeners.java:21)
at com.Trello.Utility.Listeners.onTestSuccess(Listeners.java:21)
at com.Trello.Utility.Listeners.onTestSuccess(Listeners.java:21)
at com.Trello.Utility.Listeners.onTestSuccess(Listeners.java:21)
at com.Trello.Utility.Listeners.onTestSuccess(Listeners.java:21)
at com.Trello.Utility.Listeners.onTestSuccess(Listeners.java:21)
at com.Trello.Utility.Listeners.onTestSuccess(Listeners.java:21)
at com.Trello.Utility.Listeners.onTestSuccess(Listeners.java:21)
at com.Trello.Utility.Listeners.onTestSuccess(Listeners.java:21)
at com.Trello.Utility.Listeners.onTestSuccess(Listeners.java:21)
at com.Trello.Utility.Listeners.onTestSuccess(Listeners.java:21)
at com.Trello.Utility.Listeners.onTestSuccess(Listeners.java:21)
at com.Trello.Utility.Listeners.onTestSuccess(Listeners.java:21)
at com.Trello.Utility.Listeners.onTestSuccess(Listeners.java:21)
at com.Trello.Utility.Listeners.onTestSuccess(Listeners.java:21)
at com.Trello.Utility.Listeners.onTestSuccess(Listeners.java:21)
at com.Trello.Utility.Listeners.onTestSuccess(Listeners.java:21)
at com.Trello.Utility.Listeners.onTestSuccess(Listeners.java:21)
at com.Trello.Utility.Listeners.onTestSuccess(Listeners.java:21)
at com.Trello.Utility.Listeners.onTestSuccess(Listeners.java:21)
at com.Trello.Utility.Listeners.onTestSuccess(Listeners.java:21)
at com.Trello.Utility.Listeners.onTestSuccess(Listeners.java:21)
at com.Trello.Utility.Listeners.onTestSuccess(Listeners.java:21)
at com.Trello.Utility.Listeners.onTestSuccess(Listeners.java:21)
at com.Trello.Utility.Listeners.onTestSuccess(Listeners.java:21)
at com.Trello.Utility.Listeners.onTestSuccess(Listeners.java:21)
at com.Trello.Utility.Listeners.onTestSuccess(Listeners.java:21)
at com.Trello.Utility.Listeners.onTestSuccess(Listeners.java:21)
at com.Trello.Utility.Listeners.onTestSuccess(Listeners.java:21)
at com.Trello.Utility.Listeners.onTestSuccess(Listeners.java:21)
at com.Trello.Utility.Listeners.onTestSuccess(Listeners.java:21)
at com.Trello.Utility.Listeners.onTestSuccess(Listeners.java:21)
at com.Trello.Utility.Listeners.onTestSuccess(Listeners.java:21)
at com.Trello.Utility.Listeners.onTestSuccess(Listeners.java:21)
at com.Trello.Utility.Listeners.onTestSuccess(Listeners.java:21)
at com.Trello.Utility.Listeners.onTestSuccess(Listeners.java:21)
at com.Trello.Utility.Listeners.onTestSuccess(Listeners.java:21)
at com.Trello.Utility.Listeners.onTestSuccess(Listeners.java:21)
at com.Trello.Utility.Listeners.onTestSuccess(Listeners.java:21)
at com.Trello.Utility.Listeners.onTestSuccess(Listeners.java:21)
at com.Trello.Utility.Listeners.onTestSuccess(Listeners.java:21)
at com.Trello.Utility.Listeners.onTestSuccess(Listeners.java:21)
at com.Trello.Utility.Listeners.onTestSuccess(Listeners.java:21)
at com.Trello.Utility.Listeners.onTestSuccess(Listeners.java:21)
at com.Trello.Utility.Listeners.onTestSuccess(Listeners.java:21)
at com.Trello.Utility.Listeners.onTestSuccess(Listeners.java:21)
at com.Trello.Utility.Listeners.onTestSuccess(Listeners.java:21)
at com.Trello.Utility.Listeners.onTestSuccess(Listeners.java:21)
at com.Trello.Utility.Listeners.onTestSuccess(Listeners.java:21)
at com.Trello.Utility.Listeners.onTestSuccess(Listeners.java:21)
at com.Trello.Utility.Listeners.onTestSuccess(Listeners.java:21)
at com.Trello.Utility.Listeners.onTestSuccess(Listeners.java:21)
at com.Trello.Utility.Listeners.onTestSuccess(Listeners.java:21)
at com.Trello.Utility.Listeners.onTestSuccess(Listeners.java:21)
at com.Trello.Utility.Listeners.onTestSuccess(Listeners.java:21)
at com.Trello.Utility.Listeners.onTestSuccess(Listeners.java:21)
at com.Trello.Utility.Listeners.onTestSuccess(Listeners.java:21)
at com.Trello.Utility.Listeners.onTestSuccess(Listeners.java:21)
at com.Trello.Utility.Listeners.onTestSuccess(Listeners.java:21)
at com.Trello.Utility.Listeners.onTestSuccess(Listeners.java:21)
at com.Trello.Utility.Listeners.onTestSuccess(Listeners.java:21)
at com.Trello.Utility.Listeners.onTestSuccess(Listeners.java:21)
at com.Trello.Utility.Listeners.onTestSuccess(Listeners.java:21)
at com.Trello.Utility.Listeners.onTestSuccess(Listeners.java:21)
at com.Trello.Utility.Listeners.onTestSuccess(Listeners.java:21)
at com.Trello.Utility.Listeners.onTestSuccess(Listeners.java:21)
at com.Trello.Utility.Listeners.onTestSuccess(Listeners.java:21)
at com.Trello.Utility.Listeners.onTestSuccess(Listeners.java:21)
at com.Trello.Utility.Listeners.onTestSuccess(Listeners.java:21)
at com.Trello.Utility.Listeners.onTestSuccess(Listeners.java:21)
at com.Trello.Utility.Listeners.onTestSuccess(Listeners.java:21)
at com.Trello.Utility.Listeners.onTestSuccess(Listeners.java:21)
at com.Trello.Utility.Listeners.onTestSuccess(Listeners.java:21)
at com.Trello.Utility.Listeners.onTestSuccess(Listeners.java:21)
at com.Trello.Utility.Listeners.onTestSuccess(Listeners.java:21)
at com.Trello.Utility.Listeners.onTestSuccess(Listeners.java:21)
at com.Trello.Utility.Listeners.onTestSuccess(Listeners.java:21)
at com.Trello.Utility.Listeners.onTestSuccess(Listeners.java:21)
at com.Trello.Utility.Listeners.onTestSuccess(Listeners.java:21)
at com.Trello.Utility.Listeners.onTestSuccess(Listeners.java:21)
at com.Trello.Utility.Listeners.onTestSuccess(Listeners.java:21)
at com.Trello.Utility.Listeners.onTestSuccess(Listeners.java:21)
at com.Trello.Utility.Listeners.onTestSuccess(Listeners.java:21)
at com.Trello.Utility.Listeners.onTestSuccess(Listeners.java:21)
at com.Trello.Utility.Listeners.onTestSuccess(Listeners.java:21)
at com.Trello.Utility.Listeners.onTestSuccess(Listeners.java:21)
at com.Trello.Utility.Listeners.onTestSuccess(Listeners.java:21)
at com.Trello.Utility.Listeners.onTestSuccess(Listeners.java:21)
at com.Trello.Utility.Listeners.onTestSuccess(Listeners.java:21)
at com.Trello.Utility.Listeners.onTestSuccess(Listeners.java:21)
at com.Trello.Utility.Listeners.onTestSuccess(Listeners.java:21)
at com.Trello.Utility.Listeners.onTestSuccess(Listeners.java:21)
at com.Trello.Utility.Listeners.onTestSuccess(Listeners.java:21)
at com.Trello.Utility.Listeners.onTestSuccess(Listeners.java:21)
at com.Trello.Utility.Listeners.onTestSuccess(Listeners.java:21)
at com.Trello.Utility.Listeners.onTestSuccess(Listeners.java:21)
at com.Trello.Utility.Listeners.onTestSuccess(Listeners.java:21)
at com.Trello.Utility.Listeners.onTestSuccess(Listeners.java:21)
at com.Trello.Utility.Listeners.onTestSuccess(Listeners.java:21)
at com.Trello.Utility.Listeners.onTestSuccess(Listeners.java:21)
at com.Trello.Utility.Listeners.onTestSuccess(Listeners.java:21)
at com.Trello.Utility.Listeners.onTestSuccess(Listeners.java:21)
at com.Trello.Utility.Listeners.onTestSuccess(Listeners.java:21)
at com.Trello.Utility.Listeners.onTestSuccess(Listeners.java:21)
at com.Trello.Utility.Listeners.onTestSuccess(Listeners.java:21)
at com.Trello.Utility.Listeners.onTestSuccess(Listeners.java:21)
at com.Trello.Utility.Listeners.onTestSuccess(Listeners.java:21)
at com.Trello.Utility.Listeners.onTestSuccess(Listeners.java:21)
at com.Trello.Utility.Listeners.onTestSuccess(Listeners.java:21)
at com.Trello.Utility.Listeners.onTestSuccess(Listeners.java:21)
at com.Trello.Utility.Listeners.onTestSuccess(Listeners.java:21)
at com.Trello.Utility.Listeners.onTestSuccess(Listeners.java:21)
at com.Trello.Utility.Listeners.onTestSuccess(Listeners.java:21)
at com.Trello.Utility.Listeners.onTestSuccess(Listeners.java:21)
at com.Trello.Utility.Listeners.onTestSuccess(Listeners.java:21)
at com.Trello.Utility.Listeners.onTestSuccess(Listeners.java:21)
at com.Trello.Utility.Listeners.onTestSuccess(Listeners.java:21)
at com.Trello.Utility.Listeners.onTestSuccess(Listeners.java:21)
at com.Trello.Utility.Listeners.onTestSuccess(Listeners.java:21)
at com.Trello.Utility.Listeners.onTestSuccess(Listeners.java:21)
at com.Trello.Utility.Listeners.onTestSuccess(Listeners.java:21)
at com.Trello.Utility.Listeners.onTestSuccess(Listeners.java:21)
at com.Trello.Utility.Listeners.onTestSuccess(Listeners.java:21)
at com.Trello.Utility.Listeners.onTestSuccess(Listeners.java:21)
at com.Trello.Utility.Listeners.onTestSuccess(Listeners.java:21)
at com.Trello.Utility.Listeners.onTestSuccess(Listeners.java:21)
at com.Trello.Utility.Listeners.onTestSuccess(Listeners.java:21)
at com.Trello.Utility.Listeners.onTestSuccess(Listeners.java:21)
at com.Trello.Utility.Listeners.onTestSuccess(Listeners.java:21)
at com.Trello.Utility.Listeners.onTestSuccess(Listeners.java:21)
at com.Trello.Utility.Listeners.onTestSuccess(Listeners.java:21)
at com.Trello.Utility.Listeners.onTestSuccess(Listeners.java:21)
at com.Trello.Utility.Listeners.onTestSuccess(Listeners.java:21)
at com.Trello.Utility.Listeners.onTestSuccess(Listeners.java:21)
at com.Trello.Utility.Listeners.onTestSuccess(Listeners.java:21)
at com.Trello.Utility.Listeners.onTestSuccess(Listeners.java:21)
at com.Trello.Utility.Listeners.onTestSuccess(Listeners.java:21)
at com.Trello.Utility.Listeners.onTestSuccess(Listeners.java:21)
at com.Trello.Utility.Listeners.onTestSuccess(Listeners.java:21)
at com.Trello.Utility.Listeners.onTestSuccess(Listeners.java:21)
at com.Trello.Utility.Listeners.onTestSuccess(Listeners.java:21)
at com.Trello.Utility.Listeners.onTestSuccess(Listeners.java:21)
at com.Trello.Utility.Listeners.onTestSuccess(Listeners.java:21)
at com.Trello.Utility.Listeners.onTestSuccess(Listeners.java:21)
at com.Trello.Utility.Listeners.onTestSuccess(Listeners.java:21)
at com.Trello.Utility.Listeners.onTestSuccess(Listeners.java:21)
at com.Trello.Utility.Listeners.onTestSuccess(Listeners.java:21)
at com.Trello.Utility.Listeners.onTestSuccess(Listeners.java:21)
at com.Trello.Utility.Listeners.onTestSuccess(Listeners.java:21)
at com.Trello.Utility.Listeners.onTestSuccess(Listeners.java:21)
at com.Trello.Utility.Listeners.onTestSuccess(Listeners.java:21)
at com.Trello.Utility.Listeners.onTestSuccess(Listeners.java:21)
at com.Trello.Utility.Listeners.onTestSuccess(Listeners.java:21)
at com.Trello.Utility.Listeners.onTestSuccess(Listeners.java:21)
at com.Trello.Utility.Listeners.onTestSuccess(Listeners.java:21)
at com.Trello.Utility.Listeners.onTestSuccess(Listeners.java:21)
at com.Trello.Utility.Listeners.onTestSuccess(Listeners.java:21)
at com.Trello.Utility.Listeners.onTestSuccess(Listeners.java:21)
at com.Trello.Utility.Listeners.onTestSuccess(Listeners.java:21)
at com.Trello.Utility.Listeners.onTestSuccess(Listeners.java:21)
at com.Trello.Utility.Listeners.onTestSuccess(Listeners.java:21)
at com.Trello.Utility.Listeners.onTestSuccess(Listeners.java:21)
at com.Trello.Utility.Listeners.onTestSuccess(Listeners.java:21)
at com.Trello.Utility.Listeners.onTestSuccess(Listeners.java:21)
at com.Trello.Utility.Listeners.onTestSuccess(Listeners.java:21)
at com.Trello.Utility.Listeners.onTestSuccess(Listeners.java:21)
at com.Trello.Utility.Listeners.onTestSuccess(Listeners.java:21)
at com.Trello.Utility.Listeners.onTestSuccess(Listeners.java:21)
at com.Trello.Utility.Listeners.onTestSuccess(Listeners.java:21)
at com.Trello.Utility.Listeners.onTestSuccess(Listeners.java:21)
at com.Trello.Utility.Listeners.onTestSuccess(Listeners.java:21)
at com.Trello.Utility.Listeners.onTestSuccess(Listeners.java:21)
at com.Trello.Utility.Listeners.onTestSuccess(Listeners.java:21)
at com.Trello.Utility.Listeners.onTestSuccess(Listeners.java:21)
at com.Trello.Utility.Listeners.onTestSuccess(Listeners.java:21)
at com.Trello.Utility.Listeners.onTestSuccess(Listeners.java:21)
at com.Trello.Utility.Listeners.onTestSuccess(Listeners.java:21)
at com.Trello.Utility.Listeners.onTestSuccess(Listeners.java:21)
at com.Trello.Utility.Listeners.onTestSuccess(Listeners.java:21)
at com.Trello.Utility.Listeners.onTestSuccess(Listeners.java:21)
at com.Trello.Utility.Listeners.onTestSuccess(Listeners.java:21)
at com.Trello.Utility.Listeners.onTestSuccess(Listeners.java:21)
at com.Trello.Utility.Listeners.onTestSuccess(Listeners.java:21)
at com.Trello.Utility.Listeners.onTestSuccess(Listeners.java:21)
at com.Trello.Utility.Listeners.onTestSuccess(Listeners.java:21)
at com.Trello.Utility.Listeners.onTestSuccess(Listeners.java:21)
at com.Trello.Utility.Listeners.onTestSuccess(Listeners.java:21)
at com.Trello.Utility.Listeners.onTestSuccess(Listeners.java:21)
at com.Trello.Utility.Listeners.onTestSuccess(Listeners.java:21)
at com.Trello.Utility.Listeners.onTestSuccess(Listeners.java:21)
at com.Trello.Utility.Listeners.onTestSuccess(Listeners.java:21)
at com.Trello.Utility.Listeners.onTestSuccess(Listeners.java:21)
at com.Trello.Utility.Listeners.onTestSuccess(Listeners.java:21)
at com.Trello.Utility.Listeners.onTestSuccess(Listeners.java:21)
at com.Trello.Utility.Listeners.onTestSuccess(Listeners.java:21)
at com.Trello.Utility.Listeners.onTestSuccess(Listeners.java:21)
at com.Trello.Utility.Listeners.onTestSuccess(Listeners.java:21)
at com.Trello.Utility.Listeners.onTestSuccess(Listeners.java:21)
at com.Trello.Utility.Listeners.onTestSuccess(Listeners.java:21)
at com.Trello.Utility.Listeners.onTestSuccess(Listeners.java:21)
at com.Trello.Utility.Listeners.onTestSuccess(Listeners.java:21)
at com.Trello.Utility.Listeners.onTestSuccess(Listeners.java:21)
at com.Trello.Utility.Listeners.onTestSuccess(Listeners.java:21)
at com.Trello.Utility.Listeners.onTestSuccess(Listeners.java:21)
at com.Trello.Utility.Listeners.onTestSuccess(Listeners.java:21)
at com.Trello.Utility.Listeners.onTestSuccess(Listeners.java:21)
at com.Trello.Utility.Listeners.onTestSuccess(Listeners.java:21)
at com.Trello.Utility.Listeners.onTestSuccess(Listeners.java:21)
at com.Trello.Utility.Listeners.onTestSuccess(Listeners.java:21)
at com.Trello.Utility.Listeners.onTestSuccess(Listeners.java:21)
at com.Trello.Utility.Listeners.onTestSuccess(Listeners.java:21)
at com.Trello.Utility.Listeners.onTestSuccess(Listeners.java:21)
at com.Trello.Utility.Listeners.onTestSuccess(Listeners.java:21)
at com.Trello.Utility.Listeners.onTestSuccess(Listeners.java:21)
at com.Trello.Utility.Listeners.onTestSuccess(Listeners.java:21)
at com.Trello.Utility.Listeners.onTestSuccess(Listeners.java:21)
at com.Trello.Utility.Listeners.onTestSuccess(Listeners.java:21)
at com.Trello.Utility.Listeners.onTestSuccess(Listeners.java:21)
at com.Trello.Utility.Listeners.onTestSuccess(Listeners.java:21)
at com.Trello.Utility.Listeners.onTestSuccess(Listeners.java:21)
at com.Trello.Utility.Listeners.onTestSuccess(Listeners.java:21)
at com.Trello.Utility.Listeners.onTestSuccess(Listeners.java:21)
at com.Trello.Utility.Listeners.onTestSuccess(Listeners.java:21)
at com.Trello.Utility.Listeners.onTestSuccess(Listeners.java:21)
at com.Trello.Utility.Listeners.onTestSuccess(Listeners.java:21)
at com.Trello.Utility.Listeners.onTestSuccess(Listeners.java:21)
at com.Trello.Utility.Listeners.onTestSuccess(Listeners.java:21)
at com.Trello.Utility.Listeners.onTestSuccess(Listeners.java:21)
at com.Trello.Utility.Listeners.onTestSuccess(Listeners.java:21)
at com.Trello.Utility.Listeners.onTestSuccess(Listeners.java:21)
at com.Trello.Utility.Listeners.onTestSuccess(Listeners.java:21)
at com.Trello.Utility.Listeners.onTestSuccess(Listeners.java:21)
at com.Trello.Utility.Listeners.onTestSuccess(Listeners.java:21)
at com.Trello.Utility.Listeners.onTestSuccess(Listeners.java:21)
at com.Trello.Utility.Listeners.onTestSuccess(Listeners.java:21)
at com.Trello.Utility.Listeners.onTestSuccess(Listeners.java:21)
at com.Trello.Utility.Listeners.onTestSuccess(Listeners.java:21)
at com.Trello.Utility.Listeners.onTestSuccess(Listeners.java:21)
at com.Trello.Utility.Listeners.onTestSuccess(Listeners.java:21)
at com.Trello.Utility.Listeners.onTestSuccess(Listeners.java:21)
at com.Trello.Utility.Listeners.onTestSuccess(Listeners.java:21)
at com.Trello.Utility.Listeners.onTestSuccess(Listeners.java:21)
at com.Trello.Utility.Listeners.onTestSuccess(Listeners.java:21)
at com.Trello.Utility.Listeners.onTestSuccess(Listeners.java:21)
at com.Trello.Utility.Listeners.onTestSuccess(Listeners.java:21)
at com.Trello.Utility.Listeners.onTestSuccess(Listeners.java:21)
at com.Trello.Utility.Listeners.onTestSuccess(Listeners.java:21)
at com.Trello.Utility.Listeners.onTestSuccess(Listeners.java:21)
at com.Trello.Utility.Listeners.onTestSuccess(Listeners.java:21)
at com.Trello.Utility.Listeners.onTestSuccess(Listeners.java:21)
at com.Trello.Utility.Listeners.onTestSuccess(Listeners.java:21)
at com.Trello.Utility.Listeners.onTestSuccess(Listeners.java:21)
at com.Trello.Utility.Listeners.onTestSuccess(Listeners.java:21)
at com.Trello.Utility.Listeners.onTestSuccess(Listeners.java:21)
at com.Trello.Utility.Listeners.onTestSuccess(Listeners.java:21)
at com.Trello.Utility.Listeners.onTestSuccess(Listeners.java:21)
at com.Trello.Utility.Listeners.onTestSuccess(Listeners.java:21)
at com.Trello.Utility.Listeners.onTestSuccess(Listeners.java:21)
at com.Trello.Utility.Listeners.onTestSuccess(Listeners.java:21)
at com.Trello.Utility.Listeners.onTestSuccess(Listeners.java:21)
at com.Trello.Utility.Listeners.onTestSuccess(Listeners.java:21)
at com.Trello.Utility.Listeners.onTestSuccess(Listeners.java:21)
at com.Trello.Utility.Listeners.onTestSuccess(Listeners.java:21)
at com.Trello.Utility.Listeners.onTestSuccess(Listeners.java:21)
at com.Trello.Utility.Listeners.onTestSuccess(Listeners.java:21)
at com.Trello.Utility.Listeners.onTestSuccess(Listeners.java:21)
at com.Trello.Utility.Listeners.onTestSuccess(Listeners.java:21)
at com.Trello.Utility.Listeners.onTestSuccess(Listeners.java:21)
at com.Trello.Utility.Listeners.onTestSuccess(Listeners.java:21)
at com.Trello.Utility.Listeners.onTestSuccess(Listeners.java:21)
at com.Trello.Utility.Listeners.onTestSuccess(Listeners.java:21)
at com.Trello.Utility.Listeners.onTestSuccess(Listeners.java:21)
at com.Trello.Utility.Listeners.onTestSuccess(Listeners.java:21)
at com.Trello.Utility.Listeners.onTestSuccess(Listeners.java:21)
at com.Trello.Utility.Listeners.onTestSuccess(Listeners.java:21)
at com.Trello.Utility.Listeners.onTestSuccess(Listeners.java:21)
at com.Trello.Utility.Listeners.onTestSuccess(Listeners.java:21)
at com.Trello.Utility.Listeners.onTestSuccess(Listeners.java:21)
at com.Trello.Utility.Listeners.onTestSuccess(Listeners.java:21)
at com.Trello.Utility.Listeners.onTestSuccess(Listeners.java:21)
at com.Trello.Utility.Listeners.onTestSuccess(Listeners.java:21)
at com.Trello.Utility.Listeners.onTestSuccess(Listeners.java:21)
at com.Trello.Utility.Listeners.onTestSuccess(Listeners.java:21)
at com.Trello.Utility.Listeners.onTestSuccess(Listeners.java:21)
at com.Trello.Utility.Listeners.onTestSuccess(Listeners.java:21)
at com.Trello.Utility.Listeners.onTestSuccess(Listeners.java:21)
at com.Trello.Utility.Listeners.onTestSuccess(Listeners.java:21)
at com.Trello.Utility.Listeners.onTestSuccess(Listeners.java:21)
at com.Trello.Utility.Listeners.onTestSuccess(Listeners.java:21)
at com.Trello.Utility.Listeners.onTestSuccess(Listeners.java:21)
at com.Trello.Utility.Listeners.onTestSuccess(Listeners.java:21)
at com.Trello.Utility.Listeners.onTestSuccess(Listeners.java:21)
at com.Trello.Utility.Listeners.onTestSuccess(Listeners.java:21)
at com.Trello.Utility.Listeners.onTestSuccess(Listeners.java:21)
at com.Trello.Utility.Listeners.onTestSuccess(Listeners.java:21)
at com.Trello.Utility.Listeners.onTestSuccess(Listeners.java:21)
at com.Trello.Utility.Listeners.onTestSuccess(Listeners.java:21)
at com.Trello.Utility.Listeners.onTestSuccess(Listeners.java:21)
at com.Trello.Utility.Listeners.onTestSuccess(Listeners.java:21)
at com.Trello.Utility.Listeners.onTestSuccess(Listeners.java:21)
at com.Trello.Utility.Listeners.onTestSuccess(Listeners.java:21)
at com.Trello.Utility.Listeners.onTestSuccess(Listeners.java:21)
at com.Trello.Utility.Listeners.onTestSuccess(Listeners.java:21)
at com.Trello.Utility.Listeners.onTestSuccess(Listeners.java:21)
at com.Trello.Utility.Listeners.onTestSuccess(Listeners.java:21)
at com.Trello.Utility.Listeners.onTestSuccess(Listeners.java:21)
at com.Trello.Utility.Listeners.onTestSuccess(Listeners.java:21)
at com.Trello.Utility.Listeners.onTestSuccess(Listeners.java:21)
at com.Trello.Utility.Listeners.onTestSuccess(Listeners.java:21)
at com.Trello.Utility.Listeners.onTestSuccess(Listeners.java:21)
at com.Trello.Utility.Listeners.onTestSuccess(Listeners.java:21)
at com.Trello.Utility.Listeners.onTestSuccess(Listeners.java:21)
at com.Trello.Utility.Listeners.onTestSuccess(Listeners.java:21)
at com.Trello.Utility.Listeners.onTestSuccess(Listeners.java:21)
at com.Trello.Utility.Listeners.onTestSuccess(Listeners.java:21)
at com.Trello.Utility.Listeners.onTestSuccess(Listeners.java:21)
at com.Trello.Utility.Listeners.onTestSuccess(Listeners.java:21)
at com.Trello.Utility.Listeners.onTestSuccess(Listeners.java:21)
at com.Trello.Utility.Listeners.onTestSuccess(Listeners.java:21)
at com.Trello.Utility.Listeners.onTestSuccess(Listeners.java:21)
at com.Trello.Utility.Listeners.onTestSuccess(Listeners.java:21)
at com.Trello.Utility.Listeners.onTestSuccess(Listeners.java:21)
at com.Trello.Utility.Listeners.onTestSuccess(Listeners.java:21)
at com.Trello.Utility.Listeners.onTestSuccess(Listeners.java:21)
at com.Trello.Utility.Listeners.onTestSuccess(Listeners.java:21)
at com.Trello.Utility.Listeners.onTestSuccess(Listeners.java:21)
at com.Trello.Utility.Listeners.onTestSuccess(Listeners.java:21)
at com.Trello.Utility.Listeners.onTestSuccess(Listeners.java:21)
at com.Trello.Utility.Listeners.onTestSuccess(Listeners.java:21)
at com.Trello.Utility.Listeners.onTestSuccess(Listeners.java:21)
at com.Trello.Utility.Listeners.onTestSuccess(Listeners.java:21)
at com.Trello.Utility.Listeners.onTestSuccess(Listeners.java:21)
at com.Trello.Utility.Listeners.onTestSuccess(Listeners.java:21)
at com.Trello.Utility.Listeners.onTestSuccess(Listeners.java:21)
at com.Trello.Utility.Listeners.onTestSuccess(Listeners.java:21)
at com.Trello.Utility.Listeners.onTestSuccess(Listeners.java:21)
at com.Trello.Utility.Listeners.onTestSuccess(Listeners.java:21)
at com.Trello.Utility.Listeners.onTestSuccess(Listeners.java:21)
at com.Trello.Utility.Listeners.onTestSuccess(Listeners.java:21)
at com.Trello.Utility.Listeners.onTestSuccess(Listeners.java:21)
at com.Trello.Utility.Listeners.onTestSuccess(Listeners.java:21)
at com.Trello.Utility.Listeners.onTestSuccess(Listeners.java:21)
at com.Trello.Utility.Listeners.onTestSuccess(Listeners.java:21)
at com.Trello.Utility.Listeners.onTestSuccess(Listeners.java:21)
at com.Trello.Utility.Listeners.onTestSuccess(Listeners.java:21)
at com.Trello.Utility.Listeners.onTestSuccess(Listeners.java:21)
at com.Trello.Utility.Listeners.onTestSuccess(Listeners.java:21)
at com.Trello.Utility.Listeners.onTestSuccess(Listeners.java:21)
at com.Trello.Utility.Listeners.onTestSuccess(Listeners.java:21)
at com.Trello.Utility.Listeners.onTestSuccess(Listeners.java:21)
at com.Trello.Utility.Listeners.onTestSuccess(Listeners.java:21)
at com.Trello.Utility.Listeners.onTestSuccess(Listeners.java:21)
at com.Trello.Utility.Listeners.onTestSuccess(Listeners.java:21)
at com.Trello.Utility.Listeners.onTestSuccess(Listeners.java:21)
at com.Trello.Utility.Listeners.onTestSuccess(Listeners.java:21)
at com.Trello.Utility.Listeners.onTestSuccess(Listeners.java:21)
at com.Trello.Utility.Listeners.onTestSuccess(Listeners.java:21)
at com.Trello.Utility.Listeners.onTestSuccess(Listeners.java:21)
at com.Trello.Utility.Listeners.onTestSuccess(Listeners.java:21)
at com.Trello.Utility.Listeners.onTestSuccess(Listeners.java:21)
at com.Trello.Utility.Listeners.onTestSuccess(Listeners.java:21)
at com.Trello.Utility.Listeners.onTestSuccess(Listeners.java:21)
at com.Trello.Utility.Listeners.onTestSuccess(Listeners.java:21)
at com.Trello.Utility.Listeners.onTestSuccess(Listeners.java:21)
at com.Trello.Utility.Listeners.onTestSuccess(Listeners.java:21)
at com.Trello.Utility.Listeners.onTestSuccess(Listeners.java:21)
at com.Trello.Utility.Listeners.onTestSuccess(Listeners.java:21)
at com.Trello.Utility.Listeners.onTestSuccess(Listeners.java:21)
at com.Trello.Utility.Listeners.onTestSuccess(Listeners.java:21)
at com.Trello.Utility.Listeners.onTestSuccess(Listeners.java:21)
at com.Trello.Utility.Listeners.onTestSuccess(Listeners.java:21)
at com.Trello.Utility.Listeners.onTestSuccess(Listeners.java:21)
at com.Trello.Utility.Listeners.onTestSuccess(Listeners.java:21)
at com.Trello.Utility.Listeners.onTestSuccess(Listeners.java:21)
at com.Trello.Utility.Listeners.onTestSuccess(Listeners.java:21)
at com.Trello.Utility.Listeners.onTestSuccess(Listeners.java:21)
at com.Trello.Utility.Listeners.onTestSuccess(Listeners.java:21)
at com.Trello.Utility.Listeners.onTestSuccess(Listeners.java:21)
at com.Trello.Utility.Listeners.onTestSuccess(Listeners.java:21)
at com.Trello.Utility.Listeners.onTestSuccess(Listeners.java:21)
at com.Trello.Utility.Listeners.onTestSuccess(Listeners.java:21)
at com.Trello.Utility.Listeners.onTestSuccess(Listeners.java:21)
at com.Trello.Utility.Listeners.onTestSuccess(Listeners.java:21)
at com.Trello.Utility.Listeners.onTestSuccess(Listeners.java:21)
at com.Trello.Utility.Listeners.onTestSuccess(Listeners.java:21)
at com.Trello.Utility.Listeners.onTestSuccess(Listeners.java:21)
at com.Trello.Utility.Listeners.onTestSuccess(Listeners.java:21)
at com.Trello.Utility.Listeners.onTestSuccess(Listeners.java:21)
at com.Trello.Utility.Listeners.onTestSuccess(Listeners.java:21)
at com.Trello.Utility.Listeners.onTestSuccess(Listeners.java:21)
at com.Trello.Utility.Listeners.onTestSuccess(Listeners.java:21)
at com.Trello.Utility.Listeners.onTestSuccess(Listeners.java:21)
at com.Trello.Utility.Listeners.onTestSuccess(Listeners.java:21)
at com.Trello.Utility.Listeners.onTestSuccess(Listeners.java:21)
at com.Trello.Utility.Listeners.onTestSuccess(Listeners.java:21)
at com.Trello.Utility.Listeners.onTestSuccess(Listeners.java:21)
at com.Trello.Utility.Listeners.onTestSuccess(Listeners.java:21)
at com.Trello.Utility.Listeners.onTestSuccess(Listeners.java:21)
at com.Trello.Utility.Listeners.onTestSuccess(Listeners.java:21)
at com.Trello.Utility.Listeners.onTestSuccess(Listeners.java:21)
at com.Trello.Utility.Listeners.onTestSuccess(Listeners.java:21)
at com.Trello.Utility.Listeners.onTestSuccess(Listeners.java:21)
at com.Trello.Utility.Listeners.onTestSuccess(Listeners.java:21)
at com.Trello.Utility.Listeners.onTestSuccess(Listeners.java:21)
at com.Trello.Utility.Listeners.onTestSuccess(Listeners.java:21)
at com.Trello.Utility.Listeners.onTestSuccess(Listeners.java:21)
at com.Trello.Utility.Listeners.onTestSuccess(Listeners.java:21)
at com.Trello.Utility.Listeners.onTestSuccess(Listeners.java:21)
at com.Trello.Utility.Listeners.onTestSuccess(Listeners.java:21)
at com.Trello.Utility.Listeners.onTestSuccess(Listeners.java:21)
at com.Trello.Utility.Listeners.onTestSuccess(Listeners.java:21)
at com.Trello.Utility.Listeners.onTestSuccess(Listeners.java:21)
at com.Trello.Utility.Listeners.onTestSuccess(Listeners.java:21)
at com.Trello.Utility.Listeners.onTestSuccess(Listeners.java:21)
at com.Trello.Utility.Listeners.onTestSuccess(Listeners.java:21)
at com.Trello.Utility.Listeners.onTestSuccess(Listeners.java:21)
at com.Trello.Utility.Listeners.onTestSuccess(Listeners.java:21)
at com.Trello.Utility.Listeners.onTestSuccess(Listeners.java:21)
at com.Trello.Utility.Listeners.onTestSuccess(Listeners.java:21)
at com.Trello.Utility.Listeners.onTestSuccess(Listeners.java:21)
at com.Trello.Utility.Listeners.onTestSuccess(Listeners.java:21)
at com.Trello.Utility.Listeners.onTestSuccess(Listeners.java:21)
at com.Trello.Utility.Listeners.onTestSuccess(Listeners.java:21)
at com.Trello.Utility.Listeners.onTestSuccess(Listeners.java:21)
at com.Trello.Utility.Listeners.onTestSuccess(Listeners.java:21)
at com.Trello.Utility.Listeners.onTestSuccess(Listeners.java:21)
at com.Trello.Utility.Listeners.onTestSuccess(Listeners.java:21)
at com.Trello.Utility.Listeners.onTestSuccess(Listeners.java:21)
at com.Trello.Utility.Listeners.onTestSuccess(Listeners.java:21)
at com.Trello.Utility.Listeners.onTestSuccess(Listeners.java:21)
at com.Trello.Utility.Listeners.onTestSuccess(Listeners.java:21)
at com.Trello.Utility.Listeners.onTestSuccess(Listeners.java:21)
at com.Trello.Utility.Listeners.onTestSuccess(Listeners.java:21)
at com.Trello.Utility.Listeners.onTestSuccess(Listeners.java:21)
at com.Trello.Utility.Listeners.onTestSuccess(Listeners.java:21)
at com.Trello.Utility.Listeners.onTestSuccess(Listeners.java:21)
at com.Trello.Utility.Listeners.onTestSuccess(Listeners.java:21)
at com.Trello.Utility.Listeners.onTestSuccess(Listeners.java:21)
at com.Trello.Utility.Listeners.onTestSuccess(Listeners.java:21)
at com.Trello.Utility.Listeners.onTestSuccess(Listeners.java:21)
at com.Trello.Utility.Listeners.onTestSuccess(Listeners.java:21)
at com.Trello.Utility.Listeners.onTestSuccess(Listeners.java:21)
at com.Trello.Utility.Listeners.onTestSuccess(Listeners.java:21)
at com.Trello.Utility.Listeners.onTestSuccess(Listeners.java:21)
at com.Trello.Utility.Listeners.onTestSuccess(Listeners.java:21)
at com.Trello.Utility.Listeners.onTestSuccess(Listeners.java:21)
at com.Trello.Utility.Listeners.onTestSuccess(Listeners.java:21)
at com.Trello.Utility.Listeners.onTestSuccess(Listeners.java:21)
at com.Trello.Utility.Listeners.onTestSuccess(Listeners.java:21)
at com.Trello.Utility.Listeners.onTestSuccess(Listeners.java:21)
at com.Trello.Utility.Listeners.onTestSuccess(Listeners.java:21)
at com.Trello.Utility.Listeners.onTestSuccess(Listeners.java:21)
at com.Trello.Utility.Listeners.onTestSuccess(Listeners.java:21)
at com.Trello.Utility.Listeners.onTestSuccess(Listeners.java:21)
at com.Trello.Utility.Listeners.onTestSuccess(Listeners.java:21)
at com.Trello.Utility.Listeners.onTestSuccess(Listeners.java:21)
]]>
            </full-stacktrace>
          </exception> <!-- java.lang.StackOverflowError -->
          <reporter-output>
          </reporter-output>
        </test-method> <!-- loginTest -->
        <test-method status="PASS" signature="beforeMethodMethod(java.lang.String,java.lang.String,java.lang.String)[pri:0, instance:com.Trello.Configurations.SampleTest@481a15ff]" name="beforeMethodMethod" is-config="true" duration-ms="20242" started-at="2022-07-18T10:04:31 IST" finished-at="2022-07-18T10:04:52 IST">
          <params>
            <param index="0">
              <value>
                <![CDATA[chrome]]>
              </value>
            </param>
            <param index="1">
              <value>
                <![CDATA[103.0.5060.114]]>
              </value>
            </param>
            <param index="2">
              <value>
                <![CDATA[https://trello.com/login]]>
              </value>
            </param>
          </params>
          <reporter-output>
          </reporter-output>
        </test-method> <!-- beforeMethodMethod -->
        <test-method status="PASS" signature="afterTestMethod()[pri:0, instance:com.Trello.Configurations.SampleTest@481a15ff]" name="afterTestMethod" is-config="true" duration-ms="0" started-at="2022-07-18T10:05:53 IST" finished-at="2022-07-18T10:05:53 IST">
          <reporter-output>
          </reporter-output>
        </test-method> <!-- afterTestMethod -->
      </class> <!-- com.Trello.Configurations.SampleTest -->
    </test> <!-- LoginTest -->
  </suite> <!-- Trello UI test suite -->
</testng-results>
